[ 2020-08-20T09:18:31+08:00 ] 127.0.0.1 127.0.0.1 GET /admin.php
[ log ] business.com/admin.php [运行时间：0.987635s][吞吐率：1.01req/s] [内存消耗：2,383.94kb] [文件加载：64]
[ info ] [ LANG ] D:\phpstudy_pro\WWW\yh_business\thinkphp\lang\zh-cn.php
[ info ] [ BIND ] 'admin'
[ info ] [ ROUTE ] array (
  'type' => 'module',
  'module' => 
  array (
    0 => 'admin',
    1 => NULL,
    2 => NULL,
  ),
)
[ info ] [ HEADER ] array (
  'accept-language' => 'zh-CN,zh;q=0.9',
  'accept-encoding' => 'gzip, deflate',
  'accept' => 'text/html,application/xhtml+xml,application/xml;q=0.9,image/webp,image/apng,*/*;q=0.8,application/signed-exchange;v=b3;q=0.9',
  'user-agent' => 'Mozilla/5.0 (Windows NT 10.0; Win64; x64) AppleWebKit/537.36 (KHTML, like Gecko) Chrome/84.0.4147.135 Safari/537.36',
  'upgrade-insecure-requests' => '1',
  'connection' => 'keep-alive',
  'host' => 'business.com',
  'content-length' => '',
  'content-type' => '',
)
[ info ] [ PARAM ] array (
)
[ info ] [ RUN ] app\admin\controller\Login->Login[ D:\phpstudy_pro\WWW\yh_business\application\admin\controller\Login.php ]
[ info ] [ SESSION ] INIT array (
  'id' => '',
  'var_session_id' => '',
  'prefix' => 'think',
  'type' => '',
  'auto_start' => true,
)
[ info ] [ VIEW ] D:\phpstudy_pro\WWW\yh_business\public/../application/admin\view\login\login.html [ array (
) ]
[ info ] [ LOG ] INIT File

---------------------------------------------------------------
[ 2020-08-20T09:18:34+08:00 ] 127.0.0.1 127.0.0.1 POST /admin.php/login/login.html
[ log ] business.com/admin.php/login/login.html [运行时间：0.106311s][吞吐率：9.41req/s] [内存消耗：3,122.07kb] [文件加载：63]
[ info ] [ LANG ] D:\phpstudy_pro\WWW\yh_business\thinkphp\lang\zh-cn.php
[ info ] [ BIND ] 'admin'
[ info ] [ ROUTE ] array (
  'type' => 'module',
  'module' => 
  array (
    0 => 'admin',
    1 => 'login',
    2 => 'login',
  ),
)
[ info ] [ HEADER ] array (
  'cookie' => 'PHPSESSID=tn77ftovj7t9lutcj8nodiapeb; thinkphp_show_page_trace=0|0',
  'accept-language' => 'zh-CN,zh;q=0.9',
  'accept-encoding' => 'gzip, deflate',
  'referer' => 'http://business.com/admin.php',
  'origin' => 'http://business.com',
  'content-type' => 'application/x-www-form-urlencoded; charset=UTF-8',
  'user-agent' => 'Mozilla/5.0 (Windows NT 10.0; Win64; x64) AppleWebKit/537.36 (KHTML, like Gecko) Chrome/84.0.4147.135 Safari/537.36',
  'x-requested-with' => 'XMLHttpRequest',
  'accept' => 'application/json, text/javascript, */*; q=0.01',
  'content-length' => '37',
  'connection' => 'keep-alive',
  'host' => 'business.com',
)
[ info ] [ PARAM ] array (
  'admin_name' => 'admin',
  'admin_pwd' => 'adminadmin',
)
[ info ] [ RUN ] app\admin\controller\Login->Login[ D:\phpstudy_pro\WWW\yh_business\application\admin\controller\Login.php ]
[ info ] [ DB ] INIT mysql
[ info ] [ SESSION ] INIT array (
  'id' => '',
  'var_session_id' => '',
  'prefix' => 'think',
  'type' => '',
  'auto_start' => true,
)
[ info ] [ LOG ] INIT File
[ sql ] [ DB ] CONNECT:[ UseTime:0.001131s ] mysql:dbname=business;host=127.0.0.1;port=3306;charset=utf8
[ sql ] [ SQL ] SHOW COLUMNS FROM `admin` [ RunTime:0.002047s ]
[ sql ] [ SQL ] SELECT * FROM `admin` WHERE  `admin_name` = 'admin' LIMIT 1 [ RunTime:0.000401s ]

---------------------------------------------------------------
[ 2020-08-20T09:18:36+08:00 ] 127.0.0.1 127.0.0.1 GET /admin.php/index/index.html
[ log ] business.com/admin.php/index/index.html [运行时间：0.234953s][吞吐率：4.26req/s] [内存消耗：3,708.06kb] [文件加载：75]
[ info ] [ LANG ] D:\phpstudy_pro\WWW\yh_business\thinkphp\lang\zh-cn.php
[ info ] [ BIND ] 'admin'
[ info ] [ ROUTE ] array (
  'type' => 'module',
  'module' => 
  array (
    0 => 'admin',
    1 => 'index',
    2 => 'index',
  ),
)
[ info ] [ HEADER ] array (
  'cookie' => 'PHPSESSID=tn77ftovj7t9lutcj8nodiapeb; thinkphp_show_page_trace=0|0',
  'accept-language' => 'zh-CN,zh;q=0.9',
  'accept-encoding' => 'gzip, deflate',
  'referer' => 'http://business.com/admin.php',
  'accept' => 'text/html,application/xhtml+xml,application/xml;q=0.9,image/webp,image/apng,*/*;q=0.8,application/signed-exchange;v=b3;q=0.9',
  'user-agent' => 'Mozilla/5.0 (Windows NT 10.0; Win64; x64) AppleWebKit/537.36 (KHTML, like Gecko) Chrome/84.0.4147.135 Safari/537.36',
  'upgrade-insecure-requests' => '1',
  'connection' => 'keep-alive',
  'host' => 'business.com',
  'content-length' => '',
  'content-type' => '',
)
[ info ] [ PARAM ] array (
)
[ info ] [ SESSION ] INIT array (
  'id' => '',
  'var_session_id' => '',
  'prefix' => 'think',
  'type' => '',
  'auto_start' => true,
)
[ info ] [ DB ] INIT mysql
[ info ] [ RUN ] app\admin\controller\Index->index[ D:\phpstudy_pro\WWW\yh_business\application\admin\controller\Index.php ]
[ info ] [ VIEW ] D:\phpstudy_pro\WWW\yh_business\public/../application/admin\view\index\index.html [ array (
  0 => 'area',
  1 => 'images',
  2 => 'AllMenu',
) ]
[ info ] [ LOG ] INIT File
[ sql ] [ DB ] CONNECT:[ UseTime:0.010436s ] mysql:dbname=business;host=127.0.0.1;port=3306;charset=utf8
[ sql ] [ SQL ] SHOW COLUMNS FROM `power_node` [ RunTime:0.001952s ]
[ sql ] [ SQL ] SELECT * FROM `power_node` WHERE  `status` = 1 ORDER BY level asc [ RunTime:0.000435s ]
[ sql ] [ SQL ] SHOW COLUMNS FROM `system` [ RunTime:0.002093s ]
[ sql ] [ SQL ] SELECT * FROM `system` LIMIT 1 [ RunTime:0.000274s ]

---------------------------------------------------------------
[ 2020-08-20T09:18:37+08:00 ] 127.0.0.1 127.0.0.1 POST /admin.php/index/paynumber.html
[ log ] business.com/admin.php/index/paynumber.html [运行时间：0.084221s][吞吐率：11.87req/s] [内存消耗：3,468.83kb] [文件加载：70]
[ info ] [ LANG ] D:\phpstudy_pro\WWW\yh_business\thinkphp\lang\zh-cn.php
[ info ] [ BIND ] 'admin'
[ info ] [ ROUTE ] array (
  'type' => 'module',
  'module' => 
  array (
    0 => 'admin',
    1 => 'index',
    2 => 'paynumber',
  ),
)
[ info ] [ HEADER ] array (
  'cookie' => 'PHPSESSID=tn77ftovj7t9lutcj8nodiapeb; thinkphp_show_page_trace=0|0',
  'accept-language' => 'zh-CN,zh;q=0.9',
  'accept-encoding' => 'gzip, deflate',
  'referer' => 'http://business.com/admin.php/index/index.html',
  'origin' => 'http://business.com',
  'content-type' => 'application/x-www-form-urlencoded; charset=UTF-8',
  'user-agent' => 'Mozilla/5.0 (Windows NT 10.0; Win64; x64) AppleWebKit/537.36 (KHTML, like Gecko) Chrome/84.0.4147.135 Safari/537.36',
  'x-requested-with' => 'XMLHttpRequest',
  'accept' => 'application/json, text/javascript, */*; q=0.01',
  'content-length' => '6',
  'connection' => 'keep-alive',
  'host' => 'business.com',
)
[ info ] [ PARAM ] array (
  'data' => 'm',
)
[ info ] [ SESSION ] INIT array (
  'id' => '',
  'var_session_id' => '',
  'prefix' => 'think',
  'type' => '',
  'auto_start' => true,
)
[ info ] [ DB ] INIT mysql
[ info ] [ RUN ] app\admin\controller\Index->payNumber[ D:\phpstudy_pro\WWW\yh_business\application\admin\controller\Index.php ]
[ info ] [ LOG ] INIT File
[ sql ] [ DB ] CONNECT:[ UseTime:0.010493s ] mysql:dbname=business;host=127.0.0.1;port=3306;charset=utf8
[ sql ] [ SQL ] SHOW COLUMNS FROM `power_node` [ RunTime:0.001904s ]
[ sql ] [ SQL ] SELECT * FROM `power_node` WHERE  `status` = 1 ORDER BY level asc [ RunTime:0.000331s ]
[ sql ] [ SQL ] SHOW COLUMNS FROM `system` [ RunTime:0.001896s ]
[ sql ] [ SQL ] SELECT * FROM `system` LIMIT 1 [ RunTime:0.000224s ]
[ sql ] [ SQL ] SHOW COLUMNS FROM `order_no` [ RunTime:0.002113s ]
[ sql ] [ SQL ] SELECT * FROM `order_no` WHERE  `status` = 1  AND `type` IN ('0','1')  AND `pay_status` = '1'  AND `finish_at` >  1596211200 [ RunTime:0.000452s ]

---------------------------------------------------------------
[ 2020-08-20T09:18:37+08:00 ] 127.0.0.1 127.0.0.1 POST /admin.php/index/paymoney.html
[ log ] business.com/admin.php/index/paymoney.html [运行时间：0.048998s][吞吐率：20.41req/s] [内存消耗：3,468.83kb] [文件加载：70]
[ info ] [ LANG ] D:\phpstudy_pro\WWW\yh_business\thinkphp\lang\zh-cn.php
[ info ] [ BIND ] 'admin'
[ info ] [ ROUTE ] array (
  'type' => 'module',
  'module' => 
  array (
    0 => 'admin',
    1 => 'index',
    2 => 'paymoney',
  ),
)
[ info ] [ HEADER ] array (
  'cookie' => 'PHPSESSID=tn77ftovj7t9lutcj8nodiapeb; thinkphp_show_page_trace=0|0',
  'accept-language' => 'zh-CN,zh;q=0.9',
  'accept-encoding' => 'gzip, deflate',
  'referer' => 'http://business.com/admin.php/index/index.html',
  'origin' => 'http://business.com',
  'content-type' => 'application/x-www-form-urlencoded; charset=UTF-8',
  'user-agent' => 'Mozilla/5.0 (Windows NT 10.0; Win64; x64) AppleWebKit/537.36 (KHTML, like Gecko) Chrome/84.0.4147.135 Safari/537.36',
  'x-requested-with' => 'XMLHttpRequest',
  'accept' => 'application/json, text/javascript, */*; q=0.01',
  'content-length' => '6',
  'connection' => 'keep-alive',
  'host' => 'business.com',
)
[ info ] [ PARAM ] array (
  'data' => 'm',
)
[ info ] [ SESSION ] INIT array (
  'id' => '',
  'var_session_id' => '',
  'prefix' => 'think',
  'type' => '',
  'auto_start' => true,
)
[ info ] [ DB ] INIT mysql
[ info ] [ RUN ] app\admin\controller\Index->payMoney[ D:\phpstudy_pro\WWW\yh_business\application\admin\controller\Index.php ]
[ info ] [ LOG ] INIT File
[ sql ] [ DB ] CONNECT:[ UseTime:0.001034s ] mysql:dbname=business;host=127.0.0.1;port=3306;charset=utf8
[ sql ] [ SQL ] SHOW COLUMNS FROM `power_node` [ RunTime:0.002653s ]
[ sql ] [ SQL ] SELECT * FROM `power_node` WHERE  `status` = 1 ORDER BY level asc [ RunTime:0.000488s ]
[ sql ] [ SQL ] SHOW COLUMNS FROM `system` [ RunTime:0.002085s ]
[ sql ] [ SQL ] SELECT * FROM `system` LIMIT 1 [ RunTime:0.000280s ]
[ sql ] [ SQL ] SHOW COLUMNS FROM `order_no` [ RunTime:0.003063s ]
[ sql ] [ SQL ] SELECT * FROM `order_no` WHERE  `status` = 1  AND `type` IN ('0','1')  AND `pay_status` = '1'  AND `finish_at` >  1596211200 [ RunTime:0.000438s ]

---------------------------------------------------------------
[ 2020-08-20T09:18:37+08:00 ] 127.0.0.1 127.0.0.1 POST /admin.php/index/indexdata.html
[ log ] business.com/admin.php/index/indexdata.html [运行时间：0.073590s][吞吐率：13.59req/s] [内存消耗：3,466.30kb] [文件加载：71]
[ info ] [ LANG ] D:\phpstudy_pro\WWW\yh_business\thinkphp\lang\zh-cn.php
[ info ] [ BIND ] 'admin'
[ info ] [ ROUTE ] array (
  'type' => 'module',
  'module' => 
  array (
    0 => 'admin',
    1 => 'index',
    2 => 'indexdata',
  ),
)
[ info ] [ HEADER ] array (
  'cookie' => 'thinkphp_show_page_trace=0|0; PHPSESSID=tn77ftovj7t9lutcj8nodiapeb; thinkphp_show_page_trace=0|0',
  'accept-language' => 'zh-CN,zh;q=0.9',
  'accept-encoding' => 'gzip, deflate',
  'referer' => 'http://business.com/admin.php/index/index.html',
  'origin' => 'http://business.com',
  'x-requested-with' => 'XMLHttpRequest',
  'user-agent' => 'Mozilla/5.0 (Windows NT 10.0; Win64; x64) AppleWebKit/537.36 (KHTML, like Gecko) Chrome/84.0.4147.135 Safari/537.36',
  'accept' => 'application/json, text/javascript, */*; q=0.01',
  'content-length' => '0',
  'connection' => 'keep-alive',
  'host' => 'business.com',
  'content-type' => '',
)
[ info ] [ PARAM ] array (
)
[ info ] [ SESSION ] INIT array (
  'id' => '',
  'var_session_id' => '',
  'prefix' => 'think',
  'type' => '',
  'auto_start' => true,
)
[ info ] [ DB ] INIT mysql
[ info ] [ RUN ] app\admin\controller\Index->indexData[ D:\phpstudy_pro\WWW\yh_business\application\admin\controller\Index.php ]
[ info ] [ LOG ] INIT File
[ sql ] [ DB ] CONNECT:[ UseTime:0.011302s ] mysql:dbname=business;host=127.0.0.1;port=3306;charset=utf8
[ sql ] [ SQL ] SHOW COLUMNS FROM `power_node` [ RunTime:0.002157s ]
[ sql ] [ SQL ] SELECT * FROM `power_node` WHERE  `status` = 1 ORDER BY level asc [ RunTime:0.000373s ]
[ sql ] [ SQL ] SHOW COLUMNS FROM `system` [ RunTime:0.001814s ]
[ sql ] [ SQL ] SELECT * FROM `system` LIMIT 1 [ RunTime:0.000173s ]
[ sql ] [ SQL ] SHOW COLUMNS FROM `home` [ RunTime:0.001859s ]
[ sql ] [ SQL ] SELECT COUNT(*) AS tp_count FROM `home` WHERE  `is_delete` = '1' LIMIT 1 [ RunTime:0.000230s ]
[ sql ] [ SQL ] SHOW COLUMNS FROM `order_no` [ RunTime:0.001787s ]
[ sql ] [ SQL ] SELECT COUNT(*) AS tp_count FROM `order_no` WHERE  `status` = 1  AND `type` IN ('0','1')  AND `pay_status` IN ('0','1') LIMIT 1 [ RunTime:0.000199s ]
[ sql ] [ SQL ] SELECT COUNT(*) AS tp_count FROM `order_no` WHERE  `status` = 1  AND `type` IN ('0','1')  AND `pay_status` IN ('0','1') LIMIT 1 [ RunTime:0.000076s ]
[ sql ] [ SQL ] SELECT COUNT(*) AS tp_count FROM `order_no` WHERE  `pay_status` = '1'  AND `status` = 1  AND `type` IN ('0','1') LIMIT 1 [ RunTime:0.000133s ]

---------------------------------------------------------------
[ 2020-08-20T09:18:40+08:00 ] 127.0.0.1 127.0.0.1 GET /admin.php/business/businessList.html
[ log ] business.com/admin.php/business/businessList.html [运行时间：0.142356s][吞吐率：7.02req/s] [内存消耗：3,600.10kb] [文件加载：75]
[ info ] [ LANG ] D:\phpstudy_pro\WWW\yh_business\thinkphp\lang\zh-cn.php
[ info ] [ BIND ] 'admin'
[ info ] [ ROUTE ] array (
  'type' => 'module',
  'module' => 
  array (
    0 => 'admin',
    1 => 'business',
    2 => 'businessList',
  ),
)
[ info ] [ HEADER ] array (
  'cookie' => 'PHPSESSID=tn77ftovj7t9lutcj8nodiapeb; thinkphp_show_page_trace=0|0',
  'accept-language' => 'zh-CN,zh;q=0.9',
  'accept-encoding' => 'gzip, deflate',
  'referer' => 'http://business.com/admin.php/index/index.html',
  'accept' => 'text/html,application/xhtml+xml,application/xml;q=0.9,image/webp,image/apng,*/*;q=0.8,application/signed-exchange;v=b3;q=0.9',
  'user-agent' => 'Mozilla/5.0 (Windows NT 10.0; Win64; x64) AppleWebKit/537.36 (KHTML, like Gecko) Chrome/84.0.4147.135 Safari/537.36',
  'upgrade-insecure-requests' => '1',
  'connection' => 'keep-alive',
  'host' => 'business.com',
  'content-length' => '',
  'content-type' => '',
)
[ info ] [ PARAM ] array (
)
[ info ] [ SESSION ] INIT array (
  'id' => '',
  'var_session_id' => '',
  'prefix' => 'think',
  'type' => '',
  'auto_start' => true,
)
[ info ] [ DB ] INIT mysql
[ info ] [ RUN ] app\admin\controller\business->businessList[ D:\phpstudy_pro\WWW\yh_business\application\admin\controller\Business.php ]
[ info ] [ VIEW ] D:\phpstudy_pro\WWW\yh_business\public/../application/admin\view\business\businesslist.html [ array (
  0 => 'area',
  1 => 'images',
  2 => 'AllMenu',
) ]
[ info ] [ LOG ] INIT File
[ sql ] [ DB ] CONNECT:[ UseTime:0.010035s ] mysql:dbname=business;host=127.0.0.1;port=3306;charset=utf8
[ sql ] [ SQL ] SHOW COLUMNS FROM `power_node` [ RunTime:0.001882s ]
[ sql ] [ SQL ] SELECT * FROM `power_node` WHERE  `status` = 1 ORDER BY level asc [ RunTime:0.000393s ]
[ sql ] [ SQL ] SHOW COLUMNS FROM `system` [ RunTime:0.001907s ]
[ sql ] [ SQL ] SELECT * FROM `system` LIMIT 1 [ RunTime:0.000291s ]

---------------------------------------------------------------
[ 2020-08-20T09:18:40+08:00 ] 127.0.0.1 127.0.0.1 GET /admin.php/business/businesslist.html?page=1&limit=10
[ log ] business.com/admin.php/business/businesslist.html?page=1&limit=10 [运行时间：0.044367s][吞吐率：22.54req/s] [内存消耗：3,306.17kb] [文件加载：66]
[ info ] [ LANG ] D:\phpstudy_pro\WWW\yh_business\thinkphp\lang\zh-cn.php
[ info ] [ BIND ] 'admin'
[ info ] [ ROUTE ] array (
  'type' => 'module',
  'module' => 
  array (
    0 => 'admin',
    1 => 'business',
    2 => 'businesslist',
  ),
)
[ info ] [ HEADER ] array (
  'cookie' => 'thinkphp_show_page_trace=0|0; PHPSESSID=tn77ftovj7t9lutcj8nodiapeb; thinkphp_show_page_trace=0|0',
  'accept-language' => 'zh-CN,zh;q=0.9',
  'accept-encoding' => 'gzip, deflate',
  'referer' => 'http://business.com/admin.php/business/businessList.html',
  'x-requested-with' => 'XMLHttpRequest',
  'user-agent' => 'Mozilla/5.0 (Windows NT 10.0; Win64; x64) AppleWebKit/537.36 (KHTML, like Gecko) Chrome/84.0.4147.135 Safari/537.36',
  'accept' => 'application/json, text/javascript, */*; q=0.01',
  'connection' => 'keep-alive',
  'host' => 'business.com',
  'content-length' => '',
  'content-type' => '',
)
[ info ] [ PARAM ] array (
  'page' => '1',
  'limit' => '10',
)
[ info ] [ SESSION ] INIT array (
  'id' => '',
  'var_session_id' => '',
  'prefix' => 'think',
  'type' => '',
  'auto_start' => true,
)
[ info ] [ DB ] INIT mysql
[ info ] [ RUN ] app\admin\controller\business->businessList[ D:\phpstudy_pro\WWW\yh_business\application\admin\controller\Business.php ]
[ info ] [ LOG ] INIT File
[ sql ] [ DB ] CONNECT:[ UseTime:0.000878s ] mysql:dbname=business;host=127.0.0.1;port=3306;charset=utf8
[ sql ] [ SQL ] SHOW COLUMNS FROM `power_node` [ RunTime:0.001910s ]
[ sql ] [ SQL ] SELECT * FROM `power_node` WHERE  `status` = 1 ORDER BY level asc [ RunTime:0.000414s ]
[ sql ] [ SQL ] SHOW COLUMNS FROM `system` [ RunTime:0.001826s ]
[ sql ] [ SQL ] SELECT * FROM `system` LIMIT 1 [ RunTime:0.000238s ]
[ sql ] [ SQL ] SHOW COLUMNS FROM `xm_business` [ RunTime:0.002430s ]
[ sql ] [ SQL ] SELECT * FROM `xm_business` [ RunTime:0.000301s ]
[ sql ] [ SQL ] SELECT COUNT(*) AS tp_count FROM `xm_business` LIMIT 1 [ RunTime:0.000265s ]

---------------------------------------------------------------
[ 2020-08-20T09:20:45+08:00 ] 127.0.0.1 127.0.0.1 GET /admin.php/business/businessList.html
[ log ] business.com/admin.php/business/businessList.html [运行时间：0.048580s][吞吐率：20.58req/s] [内存消耗：3,456.84kb] [文件加载：73]
[ info ] [ LANG ] D:\phpstudy_pro\WWW\yh_business\thinkphp\lang\zh-cn.php
[ info ] [ BIND ] 'admin'
[ info ] [ ROUTE ] array (
  'type' => 'module',
  'module' => 
  array (
    0 => 'admin',
    1 => 'business',
    2 => 'businessList',
  ),
)
[ info ] [ HEADER ] array (
  'cookie' => 'thinkphp_show_page_trace=0|0; PHPSESSID=tn77ftovj7t9lutcj8nodiapeb; thinkphp_show_page_trace=0|0',
  'accept-language' => 'zh-CN,zh;q=0.9',
  'accept-encoding' => 'gzip, deflate',
  'referer' => 'http://business.com/admin.php/index/index.html',
  'accept' => 'text/html,application/xhtml+xml,application/xml;q=0.9,image/webp,image/apng,*/*;q=0.8,application/signed-exchange;v=b3;q=0.9',
  'user-agent' => 'Mozilla/5.0 (Windows NT 10.0; Win64; x64) AppleWebKit/537.36 (KHTML, like Gecko) Chrome/84.0.4147.135 Safari/537.36',
  'upgrade-insecure-requests' => '1',
  'cache-control' => 'max-age=0',
  'connection' => 'keep-alive',
  'host' => 'business.com',
  'content-length' => '',
  'content-type' => '',
)
[ info ] [ PARAM ] array (
)
[ info ] [ SESSION ] INIT array (
  'id' => '',
  'var_session_id' => '',
  'prefix' => 'think',
  'type' => '',
  'auto_start' => true,
)
[ info ] [ DB ] INIT mysql
[ info ] [ RUN ] app\admin\controller\business->businessList[ D:\phpstudy_pro\WWW\yh_business\application\admin\controller\Business.php ]
[ info ] [ VIEW ] D:\phpstudy_pro\WWW\yh_business\public/../application/admin\view\business\businesslist.html [ array (
  0 => 'area',
  1 => 'images',
  2 => 'AllMenu',
) ]
[ info ] [ LOG ] INIT File
[ sql ] [ DB ] CONNECT:[ UseTime:0.001042s ] mysql:dbname=business;host=127.0.0.1;port=3306;charset=utf8
[ sql ] [ SQL ] SHOW COLUMNS FROM `power_node` [ RunTime:0.001920s ]
[ sql ] [ SQL ] SELECT * FROM `power_node` WHERE  `status` = 1 ORDER BY level asc [ RunTime:0.000407s ]
[ sql ] [ SQL ] SHOW COLUMNS FROM `system` [ RunTime:0.001765s ]
[ sql ] [ SQL ] SELECT * FROM `system` LIMIT 1 [ RunTime:0.000284s ]

---------------------------------------------------------------
[ 2020-08-20T09:20:45+08:00 ] 127.0.0.1 127.0.0.1 GET /admin.php/business/businesslist.html?page=1&limit=10
[ log ] business.com/admin.php/business/businesslist.html?page=1&limit=10 [运行时间：0.049595s][吞吐率：20.16req/s] [内存消耗：3,306.17kb] [文件加载：66]
[ info ] [ LANG ] D:\phpstudy_pro\WWW\yh_business\thinkphp\lang\zh-cn.php
[ info ] [ BIND ] 'admin'
[ info ] [ ROUTE ] array (
  'type' => 'module',
  'module' => 
  array (
    0 => 'admin',
    1 => 'business',
    2 => 'businesslist',
  ),
)
[ info ] [ HEADER ] array (
  'cookie' => 'thinkphp_show_page_trace=0|0; PHPSESSID=tn77ftovj7t9lutcj8nodiapeb; thinkphp_show_page_trace=0|0',
  'accept-language' => 'zh-CN,zh;q=0.9',
  'accept-encoding' => 'gzip, deflate',
  'referer' => 'http://business.com/admin.php/business/businessList.html',
  'x-requested-with' => 'XMLHttpRequest',
  'user-agent' => 'Mozilla/5.0 (Windows NT 10.0; Win64; x64) AppleWebKit/537.36 (KHTML, like Gecko) Chrome/84.0.4147.135 Safari/537.36',
  'accept' => 'application/json, text/javascript, */*; q=0.01',
  'connection' => 'keep-alive',
  'host' => 'business.com',
  'content-length' => '',
  'content-type' => '',
)
[ info ] [ PARAM ] array (
  'page' => '1',
  'limit' => '10',
)
[ info ] [ SESSION ] INIT array (
  'id' => '',
  'var_session_id' => '',
  'prefix' => 'think',
  'type' => '',
  'auto_start' => true,
)
[ info ] [ DB ] INIT mysql
[ info ] [ RUN ] app\admin\controller\business->businessList[ D:\phpstudy_pro\WWW\yh_business\application\admin\controller\Business.php ]
[ info ] [ LOG ] INIT File
[ sql ] [ DB ] CONNECT:[ UseTime:0.009790s ] mysql:dbname=business;host=127.0.0.1;port=3306;charset=utf8
[ sql ] [ SQL ] SHOW COLUMNS FROM `power_node` [ RunTime:0.000728s ]
[ sql ] [ SQL ] SELECT * FROM `power_node` WHERE  `status` = 1 ORDER BY level asc [ RunTime:0.000370s ]
[ sql ] [ SQL ] SHOW COLUMNS FROM `system` [ RunTime:0.000610s ]
[ sql ] [ SQL ] SELECT * FROM `system` LIMIT 1 [ RunTime:0.000255s ]
[ sql ] [ SQL ] SHOW COLUMNS FROM `xm_business` [ RunTime:0.001748s ]
[ sql ] [ SQL ] SELECT * FROM `xm_business` [ RunTime:0.000252s ]
[ sql ] [ SQL ] SELECT COUNT(*) AS tp_count FROM `xm_business` LIMIT 1 [ RunTime:0.000292s ]

---------------------------------------------------------------
[ 2020-08-20T09:20:46+08:00 ] 127.0.0.1 127.0.0.1 GET /admin.php/business/businessList.html
[ log ] business.com/admin.php/business/businessList.html [运行时间：0.052520s][吞吐率：19.04req/s] [内存消耗：3,456.84kb] [文件加载：73]
[ info ] [ LANG ] D:\phpstudy_pro\WWW\yh_business\thinkphp\lang\zh-cn.php
[ info ] [ BIND ] 'admin'
[ info ] [ ROUTE ] array (
  'type' => 'module',
  'module' => 
  array (
    0 => 'admin',
    1 => 'business',
    2 => 'businessList',
  ),
)
[ info ] [ HEADER ] array (
  'cookie' => 'thinkphp_show_page_trace=0|0; PHPSESSID=tn77ftovj7t9lutcj8nodiapeb; thinkphp_show_page_trace=0|0',
  'accept-language' => 'zh-CN,zh;q=0.9',
  'accept-encoding' => 'gzip, deflate',
  'referer' => 'http://business.com/admin.php/index/index.html',
  'accept' => 'text/html,application/xhtml+xml,application/xml;q=0.9,image/webp,image/apng,*/*;q=0.8,application/signed-exchange;v=b3;q=0.9',
  'user-agent' => 'Mozilla/5.0 (Windows NT 10.0; Win64; x64) AppleWebKit/537.36 (KHTML, like Gecko) Chrome/84.0.4147.135 Safari/537.36',
  'upgrade-insecure-requests' => '1',
  'cache-control' => 'max-age=0',
  'connection' => 'keep-alive',
  'host' => 'business.com',
  'content-length' => '',
  'content-type' => '',
)
[ info ] [ PARAM ] array (
)
[ info ] [ SESSION ] INIT array (
  'id' => '',
  'var_session_id' => '',
  'prefix' => 'think',
  'type' => '',
  'auto_start' => true,
)
[ info ] [ DB ] INIT mysql
[ info ] [ RUN ] app\admin\controller\business->businessList[ D:\phpstudy_pro\WWW\yh_business\application\admin\controller\Business.php ]
[ info ] [ VIEW ] D:\phpstudy_pro\WWW\yh_business\public/../application/admin\view\business\businesslist.html [ array (
  0 => 'area',
  1 => 'images',
  2 => 'AllMenu',
) ]
[ info ] [ LOG ] INIT File
[ sql ] [ DB ] CONNECT:[ UseTime:0.000818s ] mysql:dbname=business;host=127.0.0.1;port=3306;charset=utf8
[ sql ] [ SQL ] SHOW COLUMNS FROM `power_node` [ RunTime:0.000669s ]
[ sql ] [ SQL ] SELECT * FROM `power_node` WHERE  `status` = 1 ORDER BY level asc [ RunTime:0.000386s ]
[ sql ] [ SQL ] SHOW COLUMNS FROM `system` [ RunTime:0.000617s ]
[ sql ] [ SQL ] SELECT * FROM `system` LIMIT 1 [ RunTime:0.000306s ]

---------------------------------------------------------------
[ 2020-08-20T09:20:46+08:00 ] 127.0.0.1 127.0.0.1 GET /admin.php/business/businesslist.html?page=1&limit=10
[ log ] business.com/admin.php/business/businesslist.html?page=1&limit=10 [运行时间：0.042716s][吞吐率：23.41req/s] [内存消耗：3,306.17kb] [文件加载：66]
[ info ] [ LANG ] D:\phpstudy_pro\WWW\yh_business\thinkphp\lang\zh-cn.php
[ info ] [ BIND ] 'admin'
[ info ] [ ROUTE ] array (
  'type' => 'module',
  'module' => 
  array (
    0 => 'admin',
    1 => 'business',
    2 => 'businesslist',
  ),
)
[ info ] [ HEADER ] array (
  'cookie' => 'thinkphp_show_page_trace=0|0; PHPSESSID=tn77ftovj7t9lutcj8nodiapeb; thinkphp_show_page_trace=0|0',
  'accept-language' => 'zh-CN,zh;q=0.9',
  'accept-encoding' => 'gzip, deflate',
  'referer' => 'http://business.com/admin.php/business/businessList.html',
  'x-requested-with' => 'XMLHttpRequest',
  'user-agent' => 'Mozilla/5.0 (Windows NT 10.0; Win64; x64) AppleWebKit/537.36 (KHTML, like Gecko) Chrome/84.0.4147.135 Safari/537.36',
  'accept' => 'application/json, text/javascript, */*; q=0.01',
  'connection' => 'keep-alive',
  'host' => 'business.com',
  'content-length' => '',
  'content-type' => '',
)
[ info ] [ PARAM ] array (
  'page' => '1',
  'limit' => '10',
)
[ info ] [ SESSION ] INIT array (
  'id' => '',
  'var_session_id' => '',
  'prefix' => 'think',
  'type' => '',
  'auto_start' => true,
)
[ info ] [ DB ] INIT mysql
[ info ] [ RUN ] app\admin\controller\business->businessList[ D:\phpstudy_pro\WWW\yh_business\application\admin\controller\Business.php ]
[ info ] [ LOG ] INIT File
[ sql ] [ DB ] CONNECT:[ UseTime:0.009619s ] mysql:dbname=business;host=127.0.0.1;port=3306;charset=utf8
[ sql ] [ SQL ] SHOW COLUMNS FROM `power_node` [ RunTime:0.000662s ]
[ sql ] [ SQL ] SELECT * FROM `power_node` WHERE  `status` = 1 ORDER BY level asc [ RunTime:0.000388s ]
[ sql ] [ SQL ] SHOW COLUMNS FROM `system` [ RunTime:0.000599s ]
[ sql ] [ SQL ] SELECT * FROM `system` LIMIT 1 [ RunTime:0.000294s ]
[ sql ] [ SQL ] SHOW COLUMNS FROM `xm_business` [ RunTime:0.001764s ]
[ sql ] [ SQL ] SELECT * FROM `xm_business` [ RunTime:0.000252s ]
[ sql ] [ SQL ] SELECT COUNT(*) AS tp_count FROM `xm_business` LIMIT 1 [ RunTime:0.000225s ]

---------------------------------------------------------------
[ 2020-08-20T09:20:46+08:00 ] 127.0.0.1 127.0.0.1 GET /admin.php/business/businessList.html
[ log ] business.com/admin.php/business/businessList.html [运行时间：0.049506s][吞吐率：20.20req/s] [内存消耗：3,456.84kb] [文件加载：73]
[ info ] [ LANG ] D:\phpstudy_pro\WWW\yh_business\thinkphp\lang\zh-cn.php
[ info ] [ BIND ] 'admin'
[ info ] [ ROUTE ] array (
  'type' => 'module',
  'module' => 
  array (
    0 => 'admin',
    1 => 'business',
    2 => 'businessList',
  ),
)
[ info ] [ HEADER ] array (
  'cookie' => 'thinkphp_show_page_trace=0|0; PHPSESSID=tn77ftovj7t9lutcj8nodiapeb; thinkphp_show_page_trace=0|0',
  'accept-language' => 'zh-CN,zh;q=0.9',
  'accept-encoding' => 'gzip, deflate',
  'referer' => 'http://business.com/admin.php/index/index.html',
  'accept' => 'text/html,application/xhtml+xml,application/xml;q=0.9,image/webp,image/apng,*/*;q=0.8,application/signed-exchange;v=b3;q=0.9',
  'user-agent' => 'Mozilla/5.0 (Windows NT 10.0; Win64; x64) AppleWebKit/537.36 (KHTML, like Gecko) Chrome/84.0.4147.135 Safari/537.36',
  'upgrade-insecure-requests' => '1',
  'cache-control' => 'max-age=0',
  'connection' => 'keep-alive',
  'host' => 'business.com',
  'content-length' => '',
  'content-type' => '',
)
[ info ] [ PARAM ] array (
)
[ info ] [ SESSION ] INIT array (
  'id' => '',
  'var_session_id' => '',
  'prefix' => 'think',
  'type' => '',
  'auto_start' => true,
)
[ info ] [ DB ] INIT mysql
[ info ] [ RUN ] app\admin\controller\business->businessList[ D:\phpstudy_pro\WWW\yh_business\application\admin\controller\Business.php ]
[ info ] [ VIEW ] D:\phpstudy_pro\WWW\yh_business\public/../application/admin\view\business\businesslist.html [ array (
  0 => 'area',
  1 => 'images',
  2 => 'AllMenu',
) ]
[ info ] [ LOG ] INIT File
[ sql ] [ DB ] CONNECT:[ UseTime:0.010183s ] mysql:dbname=business;host=127.0.0.1;port=3306;charset=utf8
[ sql ] [ SQL ] SHOW COLUMNS FROM `power_node` [ RunTime:0.000803s ]
[ sql ] [ SQL ] SELECT * FROM `power_node` WHERE  `status` = 1 ORDER BY level asc [ RunTime:0.000420s ]
[ sql ] [ SQL ] SHOW COLUMNS FROM `system` [ RunTime:0.000624s ]
[ sql ] [ SQL ] SELECT * FROM `system` LIMIT 1 [ RunTime:0.000219s ]

---------------------------------------------------------------
[ 2020-08-20T09:20:46+08:00 ] 127.0.0.1 127.0.0.1 GET /admin.php/business/businesslist.html?page=1&limit=10
[ log ] business.com/admin.php/business/businesslist.html?page=1&limit=10 [运行时间：0.042858s][吞吐率：23.33req/s] [内存消耗：3,306.17kb] [文件加载：66]
[ info ] [ LANG ] D:\phpstudy_pro\WWW\yh_business\thinkphp\lang\zh-cn.php
[ info ] [ BIND ] 'admin'
[ info ] [ ROUTE ] array (
  'type' => 'module',
  'module' => 
  array (
    0 => 'admin',
    1 => 'business',
    2 => 'businesslist',
  ),
)
[ info ] [ HEADER ] array (
  'cookie' => 'thinkphp_show_page_trace=0|0; PHPSESSID=tn77ftovj7t9lutcj8nodiapeb; thinkphp_show_page_trace=0|0',
  'accept-language' => 'zh-CN,zh;q=0.9',
  'accept-encoding' => 'gzip, deflate',
  'referer' => 'http://business.com/admin.php/business/businessList.html',
  'x-requested-with' => 'XMLHttpRequest',
  'user-agent' => 'Mozilla/5.0 (Windows NT 10.0; Win64; x64) AppleWebKit/537.36 (KHTML, like Gecko) Chrome/84.0.4147.135 Safari/537.36',
  'accept' => 'application/json, text/javascript, */*; q=0.01',
  'connection' => 'keep-alive',
  'host' => 'business.com',
  'content-length' => '',
  'content-type' => '',
)
[ info ] [ PARAM ] array (
  'page' => '1',
  'limit' => '10',
)
[ info ] [ SESSION ] INIT array (
  'id' => '',
  'var_session_id' => '',
  'prefix' => 'think',
  'type' => '',
  'auto_start' => true,
)
[ info ] [ DB ] INIT mysql
[ info ] [ RUN ] app\admin\controller\business->businessList[ D:\phpstudy_pro\WWW\yh_business\application\admin\controller\Business.php ]
[ info ] [ LOG ] INIT File
[ sql ] [ DB ] CONNECT:[ UseTime:0.010114s ] mysql:dbname=business;host=127.0.0.1;port=3306;charset=utf8
[ sql ] [ SQL ] SHOW COLUMNS FROM `power_node` [ RunTime:0.000738s ]
[ sql ] [ SQL ] SELECT * FROM `power_node` WHERE  `status` = 1 ORDER BY level asc [ RunTime:0.000411s ]
[ sql ] [ SQL ] SHOW COLUMNS FROM `system` [ RunTime:0.000605s ]
[ sql ] [ SQL ] SELECT * FROM `system` LIMIT 1 [ RunTime:0.000239s ]
[ sql ] [ SQL ] SHOW COLUMNS FROM `xm_business` [ RunTime:0.001788s ]
[ sql ] [ SQL ] SELECT * FROM `xm_business` [ RunTime:0.000226s ]
[ sql ] [ SQL ] SELECT COUNT(*) AS tp_count FROM `xm_business` LIMIT 1 [ RunTime:0.000263s ]

---------------------------------------------------------------
[ 2020-08-20T09:20:46+08:00 ] 127.0.0.1 127.0.0.1 GET /admin.php/business/businessList.html
[ log ] business.com/admin.php/business/businessList.html [运行时间：0.052296s][吞吐率：19.12req/s] [内存消耗：3,456.84kb] [文件加载：73]
[ info ] [ LANG ] D:\phpstudy_pro\WWW\yh_business\thinkphp\lang\zh-cn.php
[ info ] [ BIND ] 'admin'
[ info ] [ ROUTE ] array (
  'type' => 'module',
  'module' => 
  array (
    0 => 'admin',
    1 => 'business',
    2 => 'businessList',
  ),
)
[ info ] [ HEADER ] array (
  'cookie' => 'thinkphp_show_page_trace=0|0; PHPSESSID=tn77ftovj7t9lutcj8nodiapeb; thinkphp_show_page_trace=0|0',
  'accept-language' => 'zh-CN,zh;q=0.9',
  'accept-encoding' => 'gzip, deflate',
  'referer' => 'http://business.com/admin.php/index/index.html',
  'accept' => 'text/html,application/xhtml+xml,application/xml;q=0.9,image/webp,image/apng,*/*;q=0.8,application/signed-exchange;v=b3;q=0.9',
  'user-agent' => 'Mozilla/5.0 (Windows NT 10.0; Win64; x64) AppleWebKit/537.36 (KHTML, like Gecko) Chrome/84.0.4147.135 Safari/537.36',
  'upgrade-insecure-requests' => '1',
  'cache-control' => 'max-age=0',
  'connection' => 'keep-alive',
  'host' => 'business.com',
  'content-length' => '',
  'content-type' => '',
)
[ info ] [ PARAM ] array (
)
[ info ] [ SESSION ] INIT array (
  'id' => '',
  'var_session_id' => '',
  'prefix' => 'think',
  'type' => '',
  'auto_start' => true,
)
[ info ] [ DB ] INIT mysql
[ info ] [ RUN ] app\admin\controller\business->businessList[ D:\phpstudy_pro\WWW\yh_business\application\admin\controller\Business.php ]
[ info ] [ VIEW ] D:\phpstudy_pro\WWW\yh_business\public/../application/admin\view\business\businesslist.html [ array (
  0 => 'area',
  1 => 'images',
  2 => 'AllMenu',
) ]
[ info ] [ LOG ] INIT File
[ sql ] [ DB ] CONNECT:[ UseTime:0.010138s ] mysql:dbname=business;host=127.0.0.1;port=3306;charset=utf8
[ sql ] [ SQL ] SHOW COLUMNS FROM `power_node` [ RunTime:0.000745s ]
[ sql ] [ SQL ] SELECT * FROM `power_node` WHERE  `status` = 1 ORDER BY level asc [ RunTime:0.000359s ]
[ sql ] [ SQL ] SHOW COLUMNS FROM `system` [ RunTime:0.000597s ]
[ sql ] [ SQL ] SELECT * FROM `system` LIMIT 1 [ RunTime:0.000247s ]

---------------------------------------------------------------
[ 2020-08-20T09:20:46+08:00 ] 127.0.0.1 127.0.0.1 GET /admin.php/business/businesslist.html?page=1&limit=10
[ log ] business.com/admin.php/business/businesslist.html?page=1&limit=10 [运行时间：0.042328s][吞吐率：23.63req/s] [内存消耗：3,306.17kb] [文件加载：66]
[ info ] [ LANG ] D:\phpstudy_pro\WWW\yh_business\thinkphp\lang\zh-cn.php
[ info ] [ BIND ] 'admin'
[ info ] [ ROUTE ] array (
  'type' => 'module',
  'module' => 
  array (
    0 => 'admin',
    1 => 'business',
    2 => 'businesslist',
  ),
)
[ info ] [ HEADER ] array (
  'cookie' => 'thinkphp_show_page_trace=0|0; PHPSESSID=tn77ftovj7t9lutcj8nodiapeb; thinkphp_show_page_trace=0|0',
  'accept-language' => 'zh-CN,zh;q=0.9',
  'accept-encoding' => 'gzip, deflate',
  'referer' => 'http://business.com/admin.php/business/businessList.html',
  'x-requested-with' => 'XMLHttpRequest',
  'user-agent' => 'Mozilla/5.0 (Windows NT 10.0; Win64; x64) AppleWebKit/537.36 (KHTML, like Gecko) Chrome/84.0.4147.135 Safari/537.36',
  'accept' => 'application/json, text/javascript, */*; q=0.01',
  'connection' => 'keep-alive',
  'host' => 'business.com',
  'content-length' => '',
  'content-type' => '',
)
[ info ] [ PARAM ] array (
  'page' => '1',
  'limit' => '10',
)
[ info ] [ SESSION ] INIT array (
  'id' => '',
  'var_session_id' => '',
  'prefix' => 'think',
  'type' => '',
  'auto_start' => true,
)
[ info ] [ DB ] INIT mysql
[ info ] [ RUN ] app\admin\controller\business->businessList[ D:\phpstudy_pro\WWW\yh_business\application\admin\controller\Business.php ]
[ info ] [ LOG ] INIT File
[ sql ] [ DB ] CONNECT:[ UseTime:0.010525s ] mysql:dbname=business;host=127.0.0.1;port=3306;charset=utf8
[ sql ] [ SQL ] SHOW COLUMNS FROM `power_node` [ RunTime:0.000720s ]
[ sql ] [ SQL ] SELECT * FROM `power_node` WHERE  `status` = 1 ORDER BY level asc [ RunTime:0.000375s ]
[ sql ] [ SQL ] SHOW COLUMNS FROM `system` [ RunTime:0.000523s ]
[ sql ] [ SQL ] SELECT * FROM `system` LIMIT 1 [ RunTime:0.000269s ]
[ sql ] [ SQL ] SHOW COLUMNS FROM `xm_business` [ RunTime:0.001838s ]
[ sql ] [ SQL ] SELECT * FROM `xm_business` [ RunTime:0.000249s ]
[ sql ] [ SQL ] SELECT COUNT(*) AS tp_count FROM `xm_business` LIMIT 1 [ RunTime:0.000289s ]

---------------------------------------------------------------
