[ 2020-07-02T10:21:45+08:00 ] 127.0.0.1 127.0.0.1 GET /admin.php/system/systemlist.html
[ log ] www.backend.com/admin.php/system/systemlist.html [运行时间：5.156315s][吞吐率：0.19req/s] [内存消耗：2,756.85kb] [文件加载：76]
[ info ] [ LANG ] E:\PHPserver\wwwroot\default\aliyun_1805\thinkphp\lang\zh-cn.php
[ info ] [ BIND ] 'admin'
[ info ] [ ROUTE ] array (
  'type' => 'module',
  'module' => 
  array (
    0 => 'admin',
    1 => 'system',
    2 => 'systemlist',
  ),
)
[ info ] [ HEADER ] array (
  'cookie' => 'thinkphp_show_page_trace=0|0; thinkphp_show_page_trace=0|0; PHPSESSID=hu6de7c6nutcp5tk4rjbuqv0p7',
  'accept-language' => 'zh-CN,zh;q=0.9',
  'accept-encoding' => 'gzip, deflate',
  'referer' => 'http://www.backend.com/admin.php/system/systemupdateinfo.html?system_id=1',
  'accept' => 'text/html,application/xhtml+xml,application/xml;q=0.9,image/webp,image/apng,*/*;q=0.8,application/signed-exchange;v=b3',
  'user-agent' => 'Mozilla/5.0 (Windows NT 10.0; WOW64) AppleWebKit/537.36 (KHTML, like Gecko) Chrome/78.0.3904.97 Safari/537.36',
  'upgrade-insecure-requests' => '1',
  'cache-control' => 'max-age=0',
  'connection' => 'keep-alive',
  'host' => 'www.backend.com',
  'content-length' => '',
  'content-type' => '',
)
[ info ] [ PARAM ] array (
)
[ info ] [ SESSION ] INIT array (
  'id' => '',
  'var_session_id' => '',
  'prefix' => 'think',
  'type' => '',
  'auto_start' => true,
)
[ info ] [ DB ] INIT mysql
[ info ] [ RUN ] app\admin\controller\System->systemList[ E:\PHPserver\wwwroot\default\aliyun_1805\application\admin\controller\System.php ]
[ info ] [ VIEW ] E:\PHPserver\wwwroot\default\aliyun_1805\public/../application/admin\view\system\systemlist.html [ array (
  0 => 'images',
  1 => 'AllMenu',
) ]
[ info ] [ LOG ] INIT File
[ sql ] [ DB ] CONNECT:[ UseTime:0.800773s ] mysql:dbname=property;host=127.0.0.1;port=3306;charset=utf8
[ sql ] [ SQL ] SHOW COLUMNS FROM `power_node` [ RunTime:2.594355s ]
[ sql ] [ SQL ] SELECT * FROM `power_node` WHERE  `status` = 1 ORDER BY level asc [ RunTime:0.098035s ]
[ sql ] [ SQL ] SHOW COLUMNS FROM `system` [ RunTime:0.059841s ]
[ sql ] [ SQL ] SELECT * FROM `system` LIMIT 1 [ RunTime:0.014372s ]

---------------------------------------------------------------
[ 2020-07-02T10:21:46+08:00 ] 127.0.0.1 127.0.0.1 GET /admin.php/system/systemlist.html?page=1&limit=10
[ log ] www.backend.com/admin.php/system/systemlist.html?page=1&limit=10 [运行时间：0.309465s][吞吐率：3.23req/s] [内存消耗：2,479.59kb] [文件加载：67]
[ info ] [ LANG ] E:\PHPserver\wwwroot\default\aliyun_1805\thinkphp\lang\zh-cn.php
[ info ] [ BIND ] 'admin'
[ info ] [ ROUTE ] array (
  'type' => 'module',
  'module' => 
  array (
    0 => 'admin',
    1 => 'system',
    2 => 'systemlist',
  ),
)
[ info ] [ HEADER ] array (
  'cookie' => 'thinkphp_show_page_trace=0|0; thinkphp_show_page_trace=0|0; PHPSESSID=hu6de7c6nutcp5tk4rjbuqv0p7',
  'accept-language' => 'zh-CN,zh;q=0.9',
  'accept-encoding' => 'gzip, deflate',
  'referer' => 'http://www.backend.com/admin.php/system/systemlist.html',
  'user-agent' => 'Mozilla/5.0 (Windows NT 10.0; WOW64) AppleWebKit/537.36 (KHTML, like Gecko) Chrome/78.0.3904.97 Safari/537.36',
  'x-requested-with' => 'XMLHttpRequest',
  'accept' => 'application/json, text/javascript, */*; q=0.01',
  'connection' => 'keep-alive',
  'host' => 'www.backend.com',
  'content-length' => '',
  'content-type' => '',
)
[ info ] [ PARAM ] array (
  'page' => '1',
  'limit' => '10',
)
[ info ] [ SESSION ] INIT array (
  'id' => '',
  'var_session_id' => '',
  'prefix' => 'think',
  'type' => '',
  'auto_start' => true,
)
[ info ] [ DB ] INIT mysql
[ info ] [ RUN ] app\admin\controller\System->systemList[ E:\PHPserver\wwwroot\default\aliyun_1805\application\admin\controller\System.php ]
[ info ] [ LOG ] INIT File
[ sql ] [ DB ] CONNECT:[ UseTime:0.001327s ] mysql:dbname=property;host=127.0.0.1;port=3306;charset=utf8
[ sql ] [ SQL ] SHOW COLUMNS FROM `power_node` [ RunTime:0.143986s ]
[ sql ] [ SQL ] SELECT * FROM `power_node` WHERE  `status` = 1 ORDER BY level asc [ RunTime:0.001577s ]
[ sql ] [ SQL ] SHOW COLUMNS FROM `system` [ RunTime:0.017331s ]
[ sql ] [ SQL ] SELECT * FROM `system` LIMIT 1 [ RunTime:0.039425s ]
[ sql ] [ SQL ] SELECT * FROM `system` ORDER BY `system_id`  desc LIMIT 0,10 [ RunTime:0.000597s ]
[ sql ] [ SQL ] SELECT COUNT(*) AS tp_count FROM `system` LIMIT 1 [ RunTime:0.023201s ]

---------------------------------------------------------------
[ 2020-07-02T10:21:46+08:00 ] 127.0.0.1 127.0.0.1 GET /uploads/%7B%7Bd.company_logo%7D%7D
[ log ] www.backend.com/uploads/%7B%7Bd.company_logo%7D%7D [运行时间：0.329747s][吞吐率：3.03req/s] [内存消耗：1,538.61kb] [文件加载：57]
[ info ] [ LANG ] E:\PHPserver\wwwroot\default\aliyun_1805\thinkphp\lang\zh-cn.php
[ info ] [ BIND ] 'index'
[ info ] [ ROUTE ] array (
  'type' => 'module',
  'module' => 
  array (
    0 => 'index',
    1 => 'uploads',
    2 => '{{d.company_logo}}',
  ),
)
[ info ] [ HEADER ] array (
  'cookie' => 'PHPSESSID=hu6de7c6nutcp5tk4rjbuqv0p7',
  'accept-language' => 'zh-CN,zh;q=0.9',
  'accept-encoding' => 'gzip, deflate',
  'referer' => 'http://www.backend.com/admin.php/system/systemlist.html',
  'accept' => 'image/webp,image/apng,image/*,*/*;q=0.8',
  'user-agent' => 'Mozilla/5.0 (Windows NT 10.0; WOW64) AppleWebKit/537.36 (KHTML, like Gecko) Chrome/78.0.3904.97 Safari/537.36',
  'connection' => 'keep-alive',
  'host' => 'www.backend.com',
  'content-length' => '',
  'content-type' => '',
)
[ info ] [ PARAM ] array (
)
[ info ] [ SESSION ] INIT array (
  'prefix' => 'module',
  'type' => '',
  'auto_start' => true,
)
[ info ] [ LOG ] INIT File

---------------------------------------------------------------
[ 2020-07-02T10:21:51+08:00 ] 127.0.0.1 127.0.0.1 GET /admin.php/Index/Index
[ log ] www.backend.com/admin.php/Index/Index [运行时间：0.288043s][吞吐率：3.47req/s] [内存消耗：2,776.88kb] [文件加载：76]
[ info ] [ LANG ] E:\PHPserver\wwwroot\default\aliyun_1805\thinkphp\lang\zh-cn.php
[ info ] [ BIND ] 'admin'
[ info ] [ ROUTE ] array (
  'type' => 'module',
  'module' => 
  array (
    0 => 'admin',
    1 => 'Index',
    2 => 'Index',
  ),
)
[ info ] [ HEADER ] array (
  'cookie' => 'thinkphp_show_page_trace=0|0; thinkphp_show_page_trace=0|0; PHPSESSID=hu6de7c6nutcp5tk4rjbuqv0p7',
  'accept-language' => 'zh-CN,zh;q=0.9',
  'accept-encoding' => 'gzip, deflate',
  'referer' => 'http://www.backend.com/admin.php/system/systemlist.html',
  'accept' => 'text/html,application/xhtml+xml,application/xml;q=0.9,image/webp,image/apng,*/*;q=0.8,application/signed-exchange;v=b3',
  'user-agent' => 'Mozilla/5.0 (Windows NT 10.0; WOW64) AppleWebKit/537.36 (KHTML, like Gecko) Chrome/78.0.3904.97 Safari/537.36',
  'upgrade-insecure-requests' => '1',
  'connection' => 'keep-alive',
  'host' => 'www.backend.com',
  'content-length' => '',
  'content-type' => '',
)
[ info ] [ PARAM ] array (
)
[ info ] [ SESSION ] INIT array (
  'id' => '',
  'var_session_id' => '',
  'prefix' => 'think',
  'type' => '',
  'auto_start' => true,
)
[ info ] [ DB ] INIT mysql
[ info ] [ RUN ] app\admin\controller\Index->index[ E:\PHPserver\wwwroot\default\aliyun_1805\application\admin\controller\Index.php ]
[ info ] [ VIEW ] E:\PHPserver\wwwroot\default\aliyun_1805\public/../application/admin\view\index\index.html [ array (
  0 => 'images',
  1 => 'AllMenu',
) ]
[ info ] [ LOG ] INIT File
[ sql ] [ DB ] CONNECT:[ UseTime:0.035812s ] mysql:dbname=property;host=127.0.0.1;port=3306;charset=utf8
[ sql ] [ SQL ] SHOW COLUMNS FROM `power_node` [ RunTime:0.045233s ]
[ sql ] [ SQL ] SELECT * FROM `power_node` WHERE  `status` = 1 ORDER BY level asc [ RunTime:0.001270s ]
[ sql ] [ SQL ] SHOW COLUMNS FROM `system` [ RunTime:0.037923s ]
[ sql ] [ SQL ] SELECT * FROM `system` LIMIT 1 [ RunTime:0.000653s ]

---------------------------------------------------------------
[ 2020-07-02T10:21:51+08:00 ] 127.0.0.1 127.0.0.1 POST /admin.php/index/indexdata.html
[ log ] www.backend.com/admin.php/index/indexdata.html [运行时间：0.158854s][吞吐率：6.30req/s] [内存消耗：2,498.03kb] [文件加载：68]
[ info ] [ LANG ] E:\PHPserver\wwwroot\default\aliyun_1805\thinkphp\lang\zh-cn.php
[ info ] [ BIND ] 'admin'
[ info ] [ ROUTE ] array (
  'type' => 'module',
  'module' => 
  array (
    0 => 'admin',
    1 => 'index',
    2 => 'indexdata',
  ),
)
[ info ] [ HEADER ] array (
  'cookie' => 'thinkphp_show_page_trace=0|0; thinkphp_show_page_trace=0|0; PHPSESSID=hu6de7c6nutcp5tk4rjbuqv0p7',
  'accept-language' => 'zh-CN,zh;q=0.9',
  'accept-encoding' => 'gzip, deflate',
  'referer' => 'http://www.backend.com/admin.php/Index/Index',
  'user-agent' => 'Mozilla/5.0 (Windows NT 10.0; WOW64) AppleWebKit/537.36 (KHTML, like Gecko) Chrome/78.0.3904.97 Safari/537.36',
  'x-requested-with' => 'XMLHttpRequest',
  'origin' => 'http://www.backend.com',
  'accept' => 'application/json, text/javascript, */*; q=0.01',
  'content-length' => '0',
  'connection' => 'keep-alive',
  'host' => 'www.backend.com',
  'content-type' => '',
)
[ info ] [ PARAM ] array (
)
[ info ] [ SESSION ] INIT array (
  'id' => '',
  'var_session_id' => '',
  'prefix' => 'think',
  'type' => '',
  'auto_start' => true,
)
[ info ] [ DB ] INIT mysql
[ info ] [ RUN ] app\admin\controller\Index->indexData[ E:\PHPserver\wwwroot\default\aliyun_1805\application\admin\controller\Index.php ]
[ info ] [ LOG ] INIT File
[ sql ] [ DB ] CONNECT:[ UseTime:0.000899s ] mysql:dbname=property;host=127.0.0.1;port=3306;charset=utf8
[ sql ] [ SQL ] SHOW COLUMNS FROM `power_node` [ RunTime:0.010431s ]
[ sql ] [ SQL ] SELECT * FROM `power_node` WHERE  `status` = 1 ORDER BY level asc [ RunTime:0.001163s ]
[ sql ] [ SQL ] SHOW COLUMNS FROM `system` [ RunTime:0.002347s ]
[ sql ] [ SQL ] SELECT * FROM `system` LIMIT 1 [ RunTime:0.003941s ]
[ sql ] [ SQL ] SHOW COLUMNS FROM `order_no` [ RunTime:0.003655s ]
[ sql ] [ SQL ] SELECT COUNT(*) AS tp_count FROM `order_no` WHERE  `pay_status` IN ('1','2')  AND `type` = '0'  AND `status` = 1 LIMIT 1 [ RunTime:0.071108s ]
[ sql ] [ SQL ] SELECT COUNT(*) AS tp_count FROM `order_no` WHERE  `type` = '0'  AND `status` = 1 LIMIT 1 [ RunTime:0.000490s ]
[ sql ] [ SQL ] SELECT COUNT(*) AS tp_count FROM `order_no` WHERE  `pay_status` IN ('1','2')  AND `type` = '1'  AND `status` = 1 LIMIT 1 [ RunTime:0.000520s ]
[ sql ] [ SQL ] SELECT COUNT(*) AS tp_count FROM `order_no` WHERE  `type` = '1'  AND `status` = 1 LIMIT 1 [ RunTime:0.000411s ]

---------------------------------------------------------------
[ 2020-07-02T10:21:56+08:00 ] 127.0.0.1 127.0.0.1 GET /admin.php/login/logout.html
[ log ] www.backend.com/admin.php/login/logout.html [运行时间：0.081988s][吞吐率：12.20req/s] [内存消耗：1,697.41kb] [文件加载：61]
[ info ] [ LANG ] E:\PHPserver\wwwroot\default\aliyun_1805\thinkphp\lang\zh-cn.php
[ info ] [ BIND ] 'admin'
[ info ] [ ROUTE ] array (
  'type' => 'module',
  'module' => 
  array (
    0 => 'admin',
    1 => 'login',
    2 => 'logout',
  ),
)
[ info ] [ HEADER ] array (
  'cookie' => 'thinkphp_show_page_trace=0|0; thinkphp_show_page_trace=0|0; PHPSESSID=hu6de7c6nutcp5tk4rjbuqv0p7',
  'accept-language' => 'zh-CN,zh;q=0.9',
  'accept-encoding' => 'gzip, deflate',
  'referer' => 'http://www.backend.com/admin.php/Index/Index',
  'accept' => 'text/html,application/xhtml+xml,application/xml;q=0.9,image/webp,image/apng,*/*;q=0.8,application/signed-exchange;v=b3',
  'user-agent' => 'Mozilla/5.0 (Windows NT 10.0; WOW64) AppleWebKit/537.36 (KHTML, like Gecko) Chrome/78.0.3904.97 Safari/537.36',
  'upgrade-insecure-requests' => '1',
  'connection' => 'keep-alive',
  'host' => 'www.backend.com',
  'content-length' => '',
  'content-type' => '',
)
[ info ] [ PARAM ] array (
)
[ info ] [ RUN ] app\admin\controller\Login->logout[ E:\PHPserver\wwwroot\default\aliyun_1805\application\admin\controller\Login.php ]
[ info ] [ SESSION ] INIT array (
  'id' => '',
  'var_session_id' => '',
  'prefix' => 'think',
  'type' => '',
  'auto_start' => true,
)
[ info ] [ LOG ] INIT File

---------------------------------------------------------------
[ 2020-07-02T10:21:57+08:00 ] 127.0.0.1 127.0.0.1 GET /admin.php/login/login.html
[ log ] www.backend.com/admin.php/login/login.html [运行时间：0.068467s][吞吐率：14.61req/s] [内存消耗：1,872.59kb] [文件加载：65]
[ info ] [ LANG ] E:\PHPserver\wwwroot\default\aliyun_1805\thinkphp\lang\zh-cn.php
[ info ] [ BIND ] 'admin'
[ info ] [ ROUTE ] array (
  'type' => 'module',
  'module' => 
  array (
    0 => 'admin',
    1 => 'login',
    2 => 'login',
  ),
)
[ info ] [ HEADER ] array (
  'cookie' => 'thinkphp_show_page_trace=0|0; thinkphp_show_page_trace=0|0; PHPSESSID=hu6de7c6nutcp5tk4rjbuqv0p7',
  'accept-language' => 'zh-CN,zh;q=0.9',
  'accept-encoding' => 'gzip, deflate',
  'referer' => 'http://www.backend.com/admin.php/Index/Index',
  'accept' => 'text/html,application/xhtml+xml,application/xml;q=0.9,image/webp,image/apng,*/*;q=0.8,application/signed-exchange;v=b3',
  'user-agent' => 'Mozilla/5.0 (Windows NT 10.0; WOW64) AppleWebKit/537.36 (KHTML, like Gecko) Chrome/78.0.3904.97 Safari/537.36',
  'upgrade-insecure-requests' => '1',
  'connection' => 'keep-alive',
  'host' => 'www.backend.com',
  'content-length' => '',
  'content-type' => '',
)
[ info ] [ PARAM ] array (
)
[ info ] [ RUN ] app\admin\controller\Login->Login[ E:\PHPserver\wwwroot\default\aliyun_1805\application\admin\controller\Login.php ]
[ info ] [ SESSION ] INIT array (
  'id' => '',
  'var_session_id' => '',
  'prefix' => 'think',
  'type' => '',
  'auto_start' => true,
)
[ info ] [ VIEW ] E:\PHPserver\wwwroot\default\aliyun_1805\public/../application/admin\view\login\login.html [ array (
) ]
[ info ] [ LOG ] INIT File

---------------------------------------------------------------
[ 2020-07-02T10:21:59+08:00 ] 127.0.0.1 127.0.0.1 POST /admin.php/login/login.html
[ log ] www.backend.com/admin.php/login/login.html [运行时间：0.133758s][吞吐率：7.48req/s] [内存消耗：2,381.72kb] [文件加载：64]
[ info ] [ LANG ] E:\PHPserver\wwwroot\default\aliyun_1805\thinkphp\lang\zh-cn.php
[ info ] [ BIND ] 'admin'
[ info ] [ ROUTE ] array (
  'type' => 'module',
  'module' => 
  array (
    0 => 'admin',
    1 => 'login',
    2 => 'login',
  ),
)
[ info ] [ HEADER ] array (
  'cookie' => 'thinkphp_show_page_trace=0|0; thinkphp_show_page_trace=0|0; PHPSESSID=hu6de7c6nutcp5tk4rjbuqv0p7',
  'accept-language' => 'zh-CN,zh;q=0.9',
  'accept-encoding' => 'gzip, deflate',
  'referer' => 'http://www.backend.com/admin.php/login/login.html',
  'content-type' => 'application/x-www-form-urlencoded; charset=UTF-8',
  'user-agent' => 'Mozilla/5.0 (Windows NT 10.0; WOW64) AppleWebKit/537.36 (KHTML, like Gecko) Chrome/78.0.3904.97 Safari/537.36',
  'x-requested-with' => 'XMLHttpRequest',
  'origin' => 'http://www.backend.com',
  'accept' => 'application/json, text/javascript, */*; q=0.01',
  'content-length' => '37',
  'connection' => 'keep-alive',
  'host' => 'www.backend.com',
)
[ info ] [ PARAM ] array (
  'admin_name' => 'admin',
  'admin_pwd' => 'adminadmin',
)
[ info ] [ RUN ] app\admin\controller\Login->Login[ E:\PHPserver\wwwroot\default\aliyun_1805\application\admin\controller\Login.php ]
[ info ] [ DB ] INIT mysql
[ info ] [ SESSION ] INIT array (
  'id' => '',
  'var_session_id' => '',
  'prefix' => 'think',
  'type' => '',
  'auto_start' => true,
)
[ info ] [ LOG ] INIT File
[ sql ] [ DB ] CONNECT:[ UseTime:0.000901s ] mysql:dbname=property;host=127.0.0.1;port=3306;charset=utf8
[ sql ] [ SQL ] SHOW COLUMNS FROM `admin` [ RunTime:0.075626s ]
[ sql ] [ SQL ] SELECT * FROM `admin` WHERE  `admin_name` = 'admin' LIMIT 1 [ RunTime:0.012497s ]

---------------------------------------------------------------
[ 2020-07-02T10:22:02+08:00 ] 127.0.0.1 127.0.0.1 GET /admin.php/index/index.html
[ log ] www.backend.com/admin.php/index/index.html [运行时间：0.131478s][吞吐率：7.61req/s] [内存消耗：2,628.50kb] [文件加载：74]
[ info ] [ LANG ] E:\PHPserver\wwwroot\default\aliyun_1805\thinkphp\lang\zh-cn.php
[ info ] [ BIND ] 'admin'
[ info ] [ ROUTE ] array (
  'type' => 'module',
  'module' => 
  array (
    0 => 'admin',
    1 => 'index',
    2 => 'index',
  ),
)
[ info ] [ HEADER ] array (
  'cookie' => 'thinkphp_show_page_trace=0|0; thinkphp_show_page_trace=0|0; PHPSESSID=hu6de7c6nutcp5tk4rjbuqv0p7',
  'accept-language' => 'zh-CN,zh;q=0.9',
  'accept-encoding' => 'gzip, deflate',
  'referer' => 'http://www.backend.com/admin.php/login/login.html',
  'accept' => 'text/html,application/xhtml+xml,application/xml;q=0.9,image/webp,image/apng,*/*;q=0.8,application/signed-exchange;v=b3',
  'user-agent' => 'Mozilla/5.0 (Windows NT 10.0; WOW64) AppleWebKit/537.36 (KHTML, like Gecko) Chrome/78.0.3904.97 Safari/537.36',
  'upgrade-insecure-requests' => '1',
  'connection' => 'keep-alive',
  'host' => 'www.backend.com',
  'content-length' => '',
  'content-type' => '',
)
[ info ] [ PARAM ] array (
)
[ info ] [ SESSION ] INIT array (
  'id' => '',
  'var_session_id' => '',
  'prefix' => 'think',
  'type' => '',
  'auto_start' => true,
)
[ info ] [ DB ] INIT mysql
[ info ] [ RUN ] app\admin\controller\Index->index[ E:\PHPserver\wwwroot\default\aliyun_1805\application\admin\controller\Index.php ]
[ info ] [ VIEW ] E:\PHPserver\wwwroot\default\aliyun_1805\public/../application/admin\view\index\index.html [ array (
  0 => 'images',
  1 => 'AllMenu',
) ]
[ info ] [ LOG ] INIT File
[ sql ] [ DB ] CONNECT:[ UseTime:0.001209s ] mysql:dbname=property;host=127.0.0.1;port=3306;charset=utf8
[ sql ] [ SQL ] SHOW COLUMNS FROM `power_node` [ RunTime:0.048469s ]
[ sql ] [ SQL ] SELECT * FROM `power_node` WHERE  `status` = 1 ORDER BY level asc [ RunTime:0.001090s ]
[ sql ] [ SQL ] SHOW COLUMNS FROM `system` [ RunTime:0.004128s ]
[ sql ] [ SQL ] SELECT * FROM `system` LIMIT 1 [ RunTime:0.001022s ]

---------------------------------------------------------------
[ 2020-07-02T10:22:04+08:00 ] 127.0.0.1 127.0.0.1 POST /admin.php/index/indexdata.html
[ log ] www.backend.com/admin.php/index/indexdata.html [运行时间：0.271457s][吞吐率：3.68req/s] [内存消耗：2,498.08kb] [文件加载：68]
[ info ] [ LANG ] E:\PHPserver\wwwroot\default\aliyun_1805\thinkphp\lang\zh-cn.php
[ info ] [ BIND ] 'admin'
[ info ] [ ROUTE ] array (
  'type' => 'module',
  'module' => 
  array (
    0 => 'admin',
    1 => 'index',
    2 => 'indexdata',
  ),
)
[ info ] [ HEADER ] array (
  'cookie' => 'thinkphp_show_page_trace=0|0; thinkphp_show_page_trace=0|0; PHPSESSID=hu6de7c6nutcp5tk4rjbuqv0p7',
  'accept-language' => 'zh-CN,zh;q=0.9',
  'accept-encoding' => 'gzip, deflate',
  'referer' => 'http://www.backend.com/admin.php/index/index.html',
  'user-agent' => 'Mozilla/5.0 (Windows NT 10.0; WOW64) AppleWebKit/537.36 (KHTML, like Gecko) Chrome/78.0.3904.97 Safari/537.36',
  'x-requested-with' => 'XMLHttpRequest',
  'origin' => 'http://www.backend.com',
  'accept' => 'application/json, text/javascript, */*; q=0.01',
  'content-length' => '0',
  'connection' => 'keep-alive',
  'host' => 'www.backend.com',
  'content-type' => '',
)
[ info ] [ PARAM ] array (
)
[ info ] [ SESSION ] INIT array (
  'id' => '',
  'var_session_id' => '',
  'prefix' => 'think',
  'type' => '',
  'auto_start' => true,
)
[ info ] [ DB ] INIT mysql
[ info ] [ RUN ] app\admin\controller\Index->indexData[ E:\PHPserver\wwwroot\default\aliyun_1805\application\admin\controller\Index.php ]
[ info ] [ LOG ] INIT File
[ sql ] [ DB ] CONNECT:[ UseTime:0.015450s ] mysql:dbname=property;host=127.0.0.1;port=3306;charset=utf8
[ sql ] [ SQL ] SHOW COLUMNS FROM `power_node` [ RunTime:0.017167s ]
[ sql ] [ SQL ] SELECT * FROM `power_node` WHERE  `status` = 1 ORDER BY level asc [ RunTime:0.000923s ]
[ sql ] [ SQL ] SHOW COLUMNS FROM `system` [ RunTime:0.002295s ]
[ sql ] [ SQL ] SELECT * FROM `system` LIMIT 1 [ RunTime:0.000534s ]
[ sql ] [ SQL ] SHOW COLUMNS FROM `order_no` [ RunTime:0.034533s ]
[ sql ] [ SQL ] SELECT COUNT(*) AS tp_count FROM `order_no` WHERE  `pay_status` IN ('1','2')  AND `type` = '0'  AND `status` = 1 LIMIT 1 [ RunTime:0.122246s ]
[ sql ] [ SQL ] SELECT COUNT(*) AS tp_count FROM `order_no` WHERE  `type` = '0'  AND `status` = 1 LIMIT 1 [ RunTime:0.000874s ]
[ sql ] [ SQL ] SELECT COUNT(*) AS tp_count FROM `order_no` WHERE  `pay_status` IN ('1','2')  AND `type` = '1'  AND `status` = 1 LIMIT 1 [ RunTime:0.000617s ]
[ sql ] [ SQL ] SELECT COUNT(*) AS tp_count FROM `order_no` WHERE  `type` = '1'  AND `status` = 1 LIMIT 1 [ RunTime:0.000707s ]

---------------------------------------------------------------
[ 2020-07-02T11:31:46+08:00 ] 127.0.0.1 127.0.0.1 GET /admin.php/index/index.html
[ log ] www.backend.com/admin.php/index/index.html [运行时间：0.184464s][吞吐率：5.42req/s] [内存消耗：2,777.26kb] [文件加载：76]
[ info ] [ LANG ] E:\PHPserver\wwwroot\default\aliyun_1805\thinkphp\lang\zh-cn.php
[ info ] [ BIND ] 'admin'
[ info ] [ ROUTE ] array (
  'type' => 'module',
  'module' => 
  array (
    0 => 'admin',
    1 => 'index',
    2 => 'index',
  ),
)
[ info ] [ HEADER ] array (
  'cookie' => 'thinkphp_show_page_trace=0|0; thinkphp_show_page_trace=0|0; PHPSESSID=hu6de7c6nutcp5tk4rjbuqv0p7',
  'accept-language' => 'zh-CN,zh;q=0.9',
  'accept-encoding' => 'gzip, deflate',
  'referer' => 'http://www.backend.com/admin.php/login/login.html',
  'accept' => 'text/html,application/xhtml+xml,application/xml;q=0.9,image/webp,image/apng,*/*;q=0.8,application/signed-exchange;v=b3',
  'user-agent' => 'Mozilla/5.0 (Windows NT 10.0; WOW64) AppleWebKit/537.36 (KHTML, like Gecko) Chrome/78.0.3904.97 Safari/537.36',
  'upgrade-insecure-requests' => '1',
  'cache-control' => 'max-age=0',
  'connection' => 'keep-alive',
  'host' => 'www.backend.com',
  'content-length' => '',
  'content-type' => '',
)
[ info ] [ PARAM ] array (
)
[ info ] [ SESSION ] INIT array (
  'id' => '',
  'var_session_id' => '',
  'prefix' => 'think',
  'type' => '',
  'auto_start' => true,
)
[ info ] [ DB ] INIT mysql
[ info ] [ RUN ] app\admin\controller\Index->index[ E:\PHPserver\wwwroot\default\aliyun_1805\application\admin\controller\Index.php ]
[ info ] [ VIEW ] E:\PHPserver\wwwroot\default\aliyun_1805\public/../application/admin\view\index\index.html [ array (
  0 => 'images',
  1 => 'AllMenu',
) ]
[ info ] [ LOG ] INIT File
[ sql ] [ DB ] CONNECT:[ UseTime:0.020336s ] mysql:dbname=property;host=127.0.0.1;port=3306;charset=utf8
[ sql ] [ SQL ] SHOW COLUMNS FROM `power_node` [ RunTime:0.048786s ]
[ sql ] [ SQL ] SELECT * FROM `power_node` WHERE  `status` = 1 ORDER BY level asc [ RunTime:0.001511s ]
[ sql ] [ SQL ] SHOW COLUMNS FROM `system` [ RunTime:0.003350s ]
[ sql ] [ SQL ] SELECT * FROM `system` LIMIT 1 [ RunTime:0.000555s ]

---------------------------------------------------------------
[ 2020-07-02T11:31:46+08:00 ] 127.0.0.1 127.0.0.1 POST /admin.php/index/indexdata.html
[ log ] www.backend.com/admin.php/index/indexdata.html [运行时间：0.139663s][吞吐率：7.16req/s] [内存消耗：2,498.08kb] [文件加载：68]
[ info ] [ LANG ] E:\PHPserver\wwwroot\default\aliyun_1805\thinkphp\lang\zh-cn.php
[ info ] [ BIND ] 'admin'
[ info ] [ ROUTE ] array (
  'type' => 'module',
  'module' => 
  array (
    0 => 'admin',
    1 => 'index',
    2 => 'indexdata',
  ),
)
[ info ] [ HEADER ] array (
  'cookie' => 'thinkphp_show_page_trace=0|0; thinkphp_show_page_trace=0|0; PHPSESSID=hu6de7c6nutcp5tk4rjbuqv0p7',
  'accept-language' => 'zh-CN,zh;q=0.9',
  'accept-encoding' => 'gzip, deflate',
  'referer' => 'http://www.backend.com/admin.php/index/index.html',
  'user-agent' => 'Mozilla/5.0 (Windows NT 10.0; WOW64) AppleWebKit/537.36 (KHTML, like Gecko) Chrome/78.0.3904.97 Safari/537.36',
  'x-requested-with' => 'XMLHttpRequest',
  'origin' => 'http://www.backend.com',
  'accept' => 'application/json, text/javascript, */*; q=0.01',
  'content-length' => '0',
  'connection' => 'keep-alive',
  'host' => 'www.backend.com',
  'content-type' => '',
)
[ info ] [ PARAM ] array (
)
[ info ] [ SESSION ] INIT array (
  'id' => '',
  'var_session_id' => '',
  'prefix' => 'think',
  'type' => '',
  'auto_start' => true,
)
[ info ] [ DB ] INIT mysql
[ info ] [ RUN ] app\admin\controller\Index->indexData[ E:\PHPserver\wwwroot\default\aliyun_1805\application\admin\controller\Index.php ]
[ info ] [ LOG ] INIT File
[ sql ] [ DB ] CONNECT:[ UseTime:0.009215s ] mysql:dbname=property;host=127.0.0.1;port=3306;charset=utf8
[ sql ] [ SQL ] SHOW COLUMNS FROM `power_node` [ RunTime:0.029943s ]
[ sql ] [ SQL ] SELECT * FROM `power_node` WHERE  `status` = 1 ORDER BY level asc [ RunTime:0.001891s ]
[ sql ] [ SQL ] SHOW COLUMNS FROM `system` [ RunTime:0.002804s ]
[ sql ] [ SQL ] SELECT * FROM `system` LIMIT 1 [ RunTime:0.012002s ]
[ sql ] [ SQL ] SHOW COLUMNS FROM `order_no` [ RunTime:0.003852s ]
[ sql ] [ SQL ] SELECT COUNT(*) AS tp_count FROM `order_no` WHERE  `pay_status` IN ('1','2')  AND `type` = '0'  AND `status` = 1 LIMIT 1 [ RunTime:0.001632s ]
[ sql ] [ SQL ] SELECT COUNT(*) AS tp_count FROM `order_no` WHERE  `type` = '0'  AND `status` = 1 LIMIT 1 [ RunTime:0.000545s ]
[ sql ] [ SQL ] SELECT COUNT(*) AS tp_count FROM `order_no` WHERE  `pay_status` IN ('1','2')  AND `type` = '1'  AND `status` = 1 LIMIT 1 [ RunTime:0.000914s ]
[ sql ] [ SQL ] SELECT COUNT(*) AS tp_count FROM `order_no` WHERE  `type` = '1'  AND `status` = 1 LIMIT 1 [ RunTime:0.000951s ]

---------------------------------------------------------------
[ 2020-07-02T11:31:49+08:00 ] 127.0.0.1 127.0.0.1 GET /admin.php/Home/homeList.html
[ log ] www.backend.com/admin.php/Home/homeList.html [运行时间：0.845157s][吞吐率：1.18req/s] [内存消耗：2,830.45kb] [文件加载：76]
[ info ] [ LANG ] E:\PHPserver\wwwroot\default\aliyun_1805\thinkphp\lang\zh-cn.php
[ info ] [ BIND ] 'admin'
[ info ] [ ROUTE ] array (
  'type' => 'module',
  'module' => 
  array (
    0 => 'admin',
    1 => 'Home',
    2 => 'homeList',
  ),
)
[ info ] [ HEADER ] array (
  'cookie' => 'thinkphp_show_page_trace=0|0; thinkphp_show_page_trace=0|0; PHPSESSID=hu6de7c6nutcp5tk4rjbuqv0p7',
  'accept-language' => 'zh-CN,zh;q=0.9',
  'accept-encoding' => 'gzip, deflate',
  'referer' => 'http://www.backend.com/admin.php/index/index.html',
  'accept' => 'text/html,application/xhtml+xml,application/xml;q=0.9,image/webp,image/apng,*/*;q=0.8,application/signed-exchange;v=b3',
  'user-agent' => 'Mozilla/5.0 (Windows NT 10.0; WOW64) AppleWebKit/537.36 (KHTML, like Gecko) Chrome/78.0.3904.97 Safari/537.36',
  'upgrade-insecure-requests' => '1',
  'connection' => 'keep-alive',
  'host' => 'www.backend.com',
  'content-length' => '',
  'content-type' => '',
)
[ info ] [ PARAM ] array (
)
[ info ] [ SESSION ] INIT array (
  'id' => '',
  'var_session_id' => '',
  'prefix' => 'think',
  'type' => '',
  'auto_start' => true,
)
[ info ] [ DB ] INIT mysql
[ info ] [ RUN ] app\admin\controller\Home->homeList[ E:\PHPserver\wwwroot\default\aliyun_1805\application\admin\controller\Home.php ]
[ info ] [ VIEW ] E:\PHPserver\wwwroot\default\aliyun_1805\public/../application/admin\view\home\homelist.html [ array (
  0 => 'images',
  1 => 'AllMenu',
  2 => 'districts',
) ]
[ info ] [ LOG ] INIT File
[ sql ] [ DB ] CONNECT:[ UseTime:0.000960s ] mysql:dbname=property;host=127.0.0.1;port=3306;charset=utf8
[ sql ] [ SQL ] SHOW COLUMNS FROM `power_node` [ RunTime:0.090216s ]
[ sql ] [ SQL ] SELECT * FROM `power_node` WHERE  `status` = 1 ORDER BY level asc [ RunTime:0.027206s ]
[ sql ] [ SQL ] SHOW COLUMNS FROM `system` [ RunTime:0.003209s ]
[ sql ] [ SQL ] SELECT * FROM `system` LIMIT 1 [ RunTime:0.001327s ]
[ sql ] [ SQL ] SHOW COLUMNS FROM `district` [ RunTime:0.343290s ]
[ sql ] [ SQL ] SELECT `id`,`name` FROM `district` ORDER BY `id`  asc [ RunTime:0.238746s ]

---------------------------------------------------------------
[ 2020-07-02T11:31:49+08:00 ] 127.0.0.1 127.0.0.1 GET /admin.php/home/homelist.html?page=1&limit=10
[ log ] www.backend.com/admin.php/home/homelist.html?page=1&limit=10 [运行时间：0.443476s][吞吐率：2.25req/s] [内存消耗：2,556.37kb] [文件加载：68]
[ info ] [ LANG ] E:\PHPserver\wwwroot\default\aliyun_1805\thinkphp\lang\zh-cn.php
[ info ] [ BIND ] 'admin'
[ info ] [ ROUTE ] array (
  'type' => 'module',
  'module' => 
  array (
    0 => 'admin',
    1 => 'home',
    2 => 'homelist',
  ),
)
[ info ] [ HEADER ] array (
  'cookie' => 'thinkphp_show_page_trace=0|0; thinkphp_show_page_trace=0|0; PHPSESSID=hu6de7c6nutcp5tk4rjbuqv0p7',
  'accept-language' => 'zh-CN,zh;q=0.9',
  'accept-encoding' => 'gzip, deflate',
  'referer' => 'http://www.backend.com/admin.php/Home/homeList.html',
  'user-agent' => 'Mozilla/5.0 (Windows NT 10.0; WOW64) AppleWebKit/537.36 (KHTML, like Gecko) Chrome/78.0.3904.97 Safari/537.36',
  'x-requested-with' => 'XMLHttpRequest',
  'accept' => 'application/json, text/javascript, */*; q=0.01',
  'connection' => 'keep-alive',
  'host' => 'www.backend.com',
  'content-length' => '',
  'content-type' => '',
)
[ info ] [ PARAM ] array (
  'page' => '1',
  'limit' => '10',
)
[ info ] [ SESSION ] INIT array (
  'id' => '',
  'var_session_id' => '',
  'prefix' => 'think',
  'type' => '',
  'auto_start' => true,
)
[ info ] [ DB ] INIT mysql
[ info ] [ RUN ] app\admin\controller\Home->homeList[ E:\PHPserver\wwwroot\default\aliyun_1805\application\admin\controller\Home.php ]
[ info ] [ LOG ] INIT File
[ sql ] [ DB ] CONNECT:[ UseTime:0.015184s ] mysql:dbname=property;host=127.0.0.1;port=3306;charset=utf8
[ sql ] [ SQL ] SHOW COLUMNS FROM `power_node` [ RunTime:0.159450s ]
[ sql ] [ SQL ] SELECT * FROM `power_node` WHERE  `status` = 1 ORDER BY level asc [ RunTime:0.019966s ]
[ sql ] [ SQL ] SHOW COLUMNS FROM `system` [ RunTime:0.002827s ]
[ sql ] [ SQL ] SELECT * FROM `system` LIMIT 1 [ RunTime:0.001097s ]
[ sql ] [ SQL ] SHOW COLUMNS FROM `home` [ RunTime:0.129879s ]
[ sql ] [ SQL ] SELECT * FROM `home` WHERE  `is_delete` = '1' ORDER BY `home_id`  desc LIMIT 0,10 [ RunTime:0.046883s ]
[ sql ] [ SQL ] SELECT COUNT(*) AS tp_count FROM `home` WHERE  `is_delete` = '1' LIMIT 1 [ RunTime:0.000490s ]

---------------------------------------------------------------
[ 2020-07-02T11:47:47+08:00 ] 127.0.0.1 127.0.0.1 GET /admin.php/Home/homeList.html
[ log ] www.backend.com/admin.php/Home/homeList.html [运行时间：0.238960s][吞吐率：4.18req/s] [内存消耗：2,830.66kb] [文件加载：76]
[ info ] [ LANG ] E:\PHPserver\wwwroot\default\aliyun_1805\thinkphp\lang\zh-cn.php
[ info ] [ BIND ] 'admin'
[ info ] [ ROUTE ] array (
  'type' => 'module',
  'module' => 
  array (
    0 => 'admin',
    1 => 'Home',
    2 => 'homeList',
  ),
)
[ info ] [ HEADER ] array (
  'cookie' => 'thinkphp_show_page_trace=0|0; thinkphp_show_page_trace=0|0; PHPSESSID=hu6de7c6nutcp5tk4rjbuqv0p7',
  'accept-language' => 'zh-CN,zh;q=0.9',
  'accept-encoding' => 'gzip, deflate',
  'referer' => 'http://www.backend.com/admin.php/index/index.html',
  'accept' => 'text/html,application/xhtml+xml,application/xml;q=0.9,image/webp,image/apng,*/*;q=0.8,application/signed-exchange;v=b3',
  'user-agent' => 'Mozilla/5.0 (Windows NT 10.0; WOW64) AppleWebKit/537.36 (KHTML, like Gecko) Chrome/78.0.3904.97 Safari/537.36',
  'upgrade-insecure-requests' => '1',
  'cache-control' => 'max-age=0',
  'connection' => 'keep-alive',
  'host' => 'www.backend.com',
  'content-length' => '',
  'content-type' => '',
)
[ info ] [ PARAM ] array (
)
[ info ] [ SESSION ] INIT array (
  'id' => '',
  'var_session_id' => '',
  'prefix' => 'think',
  'type' => '',
  'auto_start' => true,
)
[ info ] [ DB ] INIT mysql
[ info ] [ RUN ] app\admin\controller\Home->homeList[ E:\PHPserver\wwwroot\default\aliyun_1805\application\admin\controller\Home.php ]
[ info ] [ VIEW ] E:\PHPserver\wwwroot\default\aliyun_1805\public/../application/admin\view\home\homelist.html [ array (
  0 => 'images',
  1 => 'AllMenu',
  2 => 'districts',
) ]
[ info ] [ LOG ] INIT File
[ sql ] [ DB ] CONNECT:[ UseTime:0.002767s ] mysql:dbname=property;host=127.0.0.1;port=3306;charset=utf8
[ sql ] [ SQL ] SHOW COLUMNS FROM `power_node` [ RunTime:0.101168s ]
[ sql ] [ SQL ] SELECT * FROM `power_node` WHERE  `status` = 1 ORDER BY level asc [ RunTime:0.015518s ]
[ sql ] [ SQL ] SHOW COLUMNS FROM `system` [ RunTime:0.002811s ]
[ sql ] [ SQL ] SELECT * FROM `system` LIMIT 1 [ RunTime:0.001814s ]
[ sql ] [ SQL ] SHOW COLUMNS FROM `district` [ RunTime:0.006995s ]
[ sql ] [ SQL ] SELECT `id`,`name` FROM `district` ORDER BY `id`  asc [ RunTime:0.001039s ]

---------------------------------------------------------------
[ 2020-07-02T11:47:47+08:00 ] 127.0.0.1 127.0.0.1 GET /admin.php/home/homelist.html?page=1&limit=10
[ log ] www.backend.com/admin.php/home/homelist.html?page=1&limit=10 [运行时间：0.131181s][吞吐率：7.62req/s] [内存消耗：2,556.37kb] [文件加载：68]
[ info ] [ LANG ] E:\PHPserver\wwwroot\default\aliyun_1805\thinkphp\lang\zh-cn.php
[ info ] [ BIND ] 'admin'
[ info ] [ ROUTE ] array (
  'type' => 'module',
  'module' => 
  array (
    0 => 'admin',
    1 => 'home',
    2 => 'homelist',
  ),
)
[ info ] [ HEADER ] array (
  'cookie' => 'thinkphp_show_page_trace=0|0; thinkphp_show_page_trace=0|0; PHPSESSID=hu6de7c6nutcp5tk4rjbuqv0p7',
  'accept-language' => 'zh-CN,zh;q=0.9',
  'accept-encoding' => 'gzip, deflate',
  'referer' => 'http://www.backend.com/admin.php/Home/homeList.html',
  'user-agent' => 'Mozilla/5.0 (Windows NT 10.0; WOW64) AppleWebKit/537.36 (KHTML, like Gecko) Chrome/78.0.3904.97 Safari/537.36',
  'x-requested-with' => 'XMLHttpRequest',
  'accept' => 'application/json, text/javascript, */*; q=0.01',
  'connection' => 'keep-alive',
  'host' => 'www.backend.com',
  'content-length' => '',
  'content-type' => '',
)
[ info ] [ PARAM ] array (
  'page' => '1',
  'limit' => '10',
)
[ info ] [ SESSION ] INIT array (
  'id' => '',
  'var_session_id' => '',
  'prefix' => 'think',
  'type' => '',
  'auto_start' => true,
)
[ info ] [ DB ] INIT mysql
[ info ] [ RUN ] app\admin\controller\Home->homeList[ E:\PHPserver\wwwroot\default\aliyun_1805\application\admin\controller\Home.php ]
[ info ] [ LOG ] INIT File
[ sql ] [ DB ] CONNECT:[ UseTime:0.001317s ] mysql:dbname=property;host=127.0.0.1;port=3306;charset=utf8
[ sql ] [ SQL ] SHOW COLUMNS FROM `power_node` [ RunTime:0.005977s ]
[ sql ] [ SQL ] SELECT * FROM `power_node` WHERE  `status` = 1 ORDER BY level asc [ RunTime:0.001536s ]
[ sql ] [ SQL ] SHOW COLUMNS FROM `system` [ RunTime:0.002704s ]
[ sql ] [ SQL ] SELECT * FROM `system` LIMIT 1 [ RunTime:0.001037s ]
[ sql ] [ SQL ] SHOW COLUMNS FROM `home` [ RunTime:0.002940s ]
[ sql ] [ SQL ] SELECT * FROM `home` WHERE  `is_delete` = '1' ORDER BY `home_id`  desc LIMIT 0,10 [ RunTime:0.042946s ]
[ sql ] [ SQL ] SELECT COUNT(*) AS tp_count FROM `home` WHERE  `is_delete` = '1' LIMIT 1 [ RunTime:0.000634s ]

---------------------------------------------------------------
[ 2020-07-02T13:18:49+08:00 ] 127.0.0.1 127.0.0.1 GET /admin.php/Home/homeList.html
[ log ] www.backend.com/admin.php/Home/homeList.html [运行时间：0.218149s][吞吐率：4.58req/s] [内存消耗：2,689.66kb] [文件加载：74]
[ info ] [ LANG ] E:\PHPserver\wwwroot\default\aliyun_1805\thinkphp\lang\zh-cn.php
[ info ] [ BIND ] 'admin'
[ info ] [ ROUTE ] array (
  'type' => 'module',
  'module' => 
  array (
    0 => 'admin',
    1 => 'Home',
    2 => 'homeList',
  ),
)
[ info ] [ HEADER ] array (
  'cookie' => 'thinkphp_show_page_trace=0|0; thinkphp_show_page_trace=0|0; PHPSESSID=hu6de7c6nutcp5tk4rjbuqv0p7',
  'accept-language' => 'zh-CN,zh;q=0.9',
  'accept-encoding' => 'gzip, deflate',
  'referer' => 'http://www.backend.com/admin.php/index/index.html',
  'accept' => 'text/html,application/xhtml+xml,application/xml;q=0.9,image/webp,image/apng,*/*;q=0.8,application/signed-exchange;v=b3',
  'user-agent' => 'Mozilla/5.0 (Windows NT 10.0; WOW64) AppleWebKit/537.36 (KHTML, like Gecko) Chrome/78.0.3904.97 Safari/537.36',
  'upgrade-insecure-requests' => '1',
  'cache-control' => 'max-age=0',
  'connection' => 'keep-alive',
  'host' => 'www.backend.com',
  'content-length' => '',
  'content-type' => '',
)
[ info ] [ PARAM ] array (
)
[ info ] [ SESSION ] INIT array (
  'id' => '',
  'var_session_id' => '',
  'prefix' => 'think',
  'type' => '',
  'auto_start' => true,
)
[ info ] [ DB ] INIT mysql
[ info ] [ RUN ] app\admin\controller\Home->homeList[ E:\PHPserver\wwwroot\default\aliyun_1805\application\admin\controller\Home.php ]
[ info ] [ VIEW ] E:\PHPserver\wwwroot\default\aliyun_1805\public/../application/admin\view\home\homelist.html [ array (
  0 => 'images',
  1 => 'AllMenu',
  2 => 'districts',
) ]
[ info ] [ LOG ] INIT File
[ sql ] [ DB ] CONNECT:[ UseTime:0.025114s ] mysql:dbname=property;host=127.0.0.1;port=3306;charset=utf8
[ sql ] [ SQL ] SHOW COLUMNS FROM `power_node` [ RunTime:0.009797s ]
[ sql ] [ SQL ] SELECT * FROM `power_node` WHERE  `status` = 1 ORDER BY level asc [ RunTime:0.001092s ]
[ sql ] [ SQL ] SHOW COLUMNS FROM `system` [ RunTime:0.004717s ]
[ sql ] [ SQL ] SELECT * FROM `system` LIMIT 1 [ RunTime:0.000987s ]
[ sql ] [ SQL ] SHOW COLUMNS FROM `district` [ RunTime:0.003499s ]
[ sql ] [ SQL ] SELECT `id`,`name` FROM `district` ORDER BY `id`  asc [ RunTime:0.001348s ]

---------------------------------------------------------------
[ 2020-07-02T13:18:50+08:00 ] 127.0.0.1 127.0.0.1 GET /admin.php/home/homelist.html?page=1&limit=10
[ log ] www.backend.com/admin.php/home/homelist.html?page=1&limit=10 [运行时间：0.116088s][吞吐率：8.61req/s] [内存消耗：2,556.37kb] [文件加载：68]
[ info ] [ LANG ] E:\PHPserver\wwwroot\default\aliyun_1805\thinkphp\lang\zh-cn.php
[ info ] [ BIND ] 'admin'
[ info ] [ ROUTE ] array (
  'type' => 'module',
  'module' => 
  array (
    0 => 'admin',
    1 => 'home',
    2 => 'homelist',
  ),
)
[ info ] [ HEADER ] array (
  'cookie' => 'thinkphp_show_page_trace=0|0; thinkphp_show_page_trace=0|0; PHPSESSID=hu6de7c6nutcp5tk4rjbuqv0p7',
  'accept-language' => 'zh-CN,zh;q=0.9',
  'accept-encoding' => 'gzip, deflate',
  'referer' => 'http://www.backend.com/admin.php/Home/homeList.html',
  'user-agent' => 'Mozilla/5.0 (Windows NT 10.0; WOW64) AppleWebKit/537.36 (KHTML, like Gecko) Chrome/78.0.3904.97 Safari/537.36',
  'x-requested-with' => 'XMLHttpRequest',
  'accept' => 'application/json, text/javascript, */*; q=0.01',
  'connection' => 'keep-alive',
  'host' => 'www.backend.com',
  'content-length' => '',
  'content-type' => '',
)
[ info ] [ PARAM ] array (
  'page' => '1',
  'limit' => '10',
)
[ info ] [ SESSION ] INIT array (
  'id' => '',
  'var_session_id' => '',
  'prefix' => 'think',
  'type' => '',
  'auto_start' => true,
)
[ info ] [ DB ] INIT mysql
[ info ] [ RUN ] app\admin\controller\Home->homeList[ E:\PHPserver\wwwroot\default\aliyun_1805\application\admin\controller\Home.php ]
[ info ] [ LOG ] INIT File
[ sql ] [ DB ] CONNECT:[ UseTime:0.001898s ] mysql:dbname=property;host=127.0.0.1;port=3306;charset=utf8
[ sql ] [ SQL ] SHOW COLUMNS FROM `power_node` [ RunTime:0.015828s ]
[ sql ] [ SQL ] SELECT * FROM `power_node` WHERE  `status` = 1 ORDER BY level asc [ RunTime:0.001992s ]
[ sql ] [ SQL ] SHOW COLUMNS FROM `system` [ RunTime:0.002835s ]
[ sql ] [ SQL ] SELECT * FROM `system` LIMIT 1 [ RunTime:0.000616s ]
[ sql ] [ SQL ] SHOW COLUMNS FROM `home` [ RunTime:0.003391s ]
[ sql ] [ SQL ] SELECT * FROM `home` WHERE  `is_delete` = '1' ORDER BY `home_id`  desc LIMIT 0,10 [ RunTime:0.014568s ]
[ sql ] [ SQL ] SELECT COUNT(*) AS tp_count FROM `home` WHERE  `is_delete` = '1' LIMIT 1 [ RunTime:0.000933s ]

---------------------------------------------------------------
[ 2020-07-02T13:52:22+08:00 ] 127.0.0.1 127.0.0.1 GET /admin.php/Home/homeList.html
[ log ] www.backend.com/admin.php/Home/homeList.html [运行时间：0.213624s][吞吐率：4.68req/s] [内存消耗：2,831.16kb] [文件加载：76]
[ info ] [ LANG ] E:\PHPserver\wwwroot\default\aliyun_1805\thinkphp\lang\zh-cn.php
[ info ] [ BIND ] 'admin'
[ info ] [ ROUTE ] array (
  'type' => 'module',
  'module' => 
  array (
    0 => 'admin',
    1 => 'Home',
    2 => 'homeList',
  ),
)
[ info ] [ HEADER ] array (
  'cookie' => 'thinkphp_show_page_trace=0|0; thinkphp_show_page_trace=0|0; PHPSESSID=hu6de7c6nutcp5tk4rjbuqv0p7',
  'accept-language' => 'zh-CN,zh;q=0.9',
  'accept-encoding' => 'gzip, deflate',
  'referer' => 'http://www.backend.com/admin.php/index/index.html',
  'accept' => 'text/html,application/xhtml+xml,application/xml;q=0.9,image/webp,image/apng,*/*;q=0.8,application/signed-exchange;v=b3',
  'user-agent' => 'Mozilla/5.0 (Windows NT 10.0; WOW64) AppleWebKit/537.36 (KHTML, like Gecko) Chrome/78.0.3904.97 Safari/537.36',
  'upgrade-insecure-requests' => '1',
  'cache-control' => 'max-age=0',
  'connection' => 'keep-alive',
  'host' => 'www.backend.com',
  'content-length' => '',
  'content-type' => '',
)
[ info ] [ PARAM ] array (
)
[ info ] [ SESSION ] INIT array (
  'id' => '',
  'var_session_id' => '',
  'prefix' => 'think',
  'type' => '',
  'auto_start' => true,
)
[ info ] [ DB ] INIT mysql
[ info ] [ RUN ] app\admin\controller\Home->homeList[ E:\PHPserver\wwwroot\default\aliyun_1805\application\admin\controller\Home.php ]
[ info ] [ VIEW ] E:\PHPserver\wwwroot\default\aliyun_1805\public/../application/admin\view\home\homelist.html [ array (
  0 => 'images',
  1 => 'AllMenu',
  2 => 'districts',
) ]
[ info ] [ LOG ] INIT File
[ sql ] [ DB ] CONNECT:[ UseTime:0.056224s ] mysql:dbname=property;host=127.0.0.1;port=3306;charset=utf8
[ sql ] [ SQL ] SHOW COLUMNS FROM `power_node` [ RunTime:0.009629s ]
[ sql ] [ SQL ] SELECT * FROM `power_node` WHERE  `status` = 1 ORDER BY level asc [ RunTime:0.001279s ]
[ sql ] [ SQL ] SHOW COLUMNS FROM `system` [ RunTime:0.003031s ]
[ sql ] [ SQL ] SELECT * FROM `system` LIMIT 1 [ RunTime:0.000624s ]
[ sql ] [ SQL ] SHOW COLUMNS FROM `district` [ RunTime:0.002832s ]
[ sql ] [ SQL ] SELECT `id`,`name` FROM `district` ORDER BY `id`  asc [ RunTime:0.001165s ]

---------------------------------------------------------------
[ 2020-07-02T13:52:23+08:00 ] 127.0.0.1 127.0.0.1 GET /admin.php/home/homelist.html?page=1&limit=10
[ log ] www.backend.com/admin.php/home/homelist.html?page=1&limit=10 [运行时间：0.091010s][吞吐率：10.99req/s] [内存消耗：2,556.37kb] [文件加载：68]
[ info ] [ LANG ] E:\PHPserver\wwwroot\default\aliyun_1805\thinkphp\lang\zh-cn.php
[ info ] [ BIND ] 'admin'
[ info ] [ ROUTE ] array (
  'type' => 'module',
  'module' => 
  array (
    0 => 'admin',
    1 => 'home',
    2 => 'homelist',
  ),
)
[ info ] [ HEADER ] array (
  'cookie' => 'thinkphp_show_page_trace=0|0; thinkphp_show_page_trace=0|0; PHPSESSID=hu6de7c6nutcp5tk4rjbuqv0p7',
  'accept-language' => 'zh-CN,zh;q=0.9',
  'accept-encoding' => 'gzip, deflate',
  'referer' => 'http://www.backend.com/admin.php/Home/homeList.html',
  'user-agent' => 'Mozilla/5.0 (Windows NT 10.0; WOW64) AppleWebKit/537.36 (KHTML, like Gecko) Chrome/78.0.3904.97 Safari/537.36',
  'x-requested-with' => 'XMLHttpRequest',
  'accept' => 'application/json, text/javascript, */*; q=0.01',
  'connection' => 'keep-alive',
  'host' => 'www.backend.com',
  'content-length' => '',
  'content-type' => '',
)
[ info ] [ PARAM ] array (
  'page' => '1',
  'limit' => '10',
)
[ info ] [ SESSION ] INIT array (
  'id' => '',
  'var_session_id' => '',
  'prefix' => 'think',
  'type' => '',
  'auto_start' => true,
)
[ info ] [ DB ] INIT mysql
[ info ] [ RUN ] app\admin\controller\Home->homeList[ E:\PHPserver\wwwroot\default\aliyun_1805\application\admin\controller\Home.php ]
[ info ] [ LOG ] INIT File
[ sql ] [ DB ] CONNECT:[ UseTime:0.001832s ] mysql:dbname=property;host=127.0.0.1;port=3306;charset=utf8
[ sql ] [ SQL ] SHOW COLUMNS FROM `power_node` [ RunTime:0.003865s ]
[ sql ] [ SQL ] SELECT * FROM `power_node` WHERE  `status` = 1 ORDER BY level asc [ RunTime:0.001004s ]
[ sql ] [ SQL ] SHOW COLUMNS FROM `system` [ RunTime:0.003379s ]
[ sql ] [ SQL ] SELECT * FROM `system` LIMIT 1 [ RunTime:0.000786s ]
[ sql ] [ SQL ] SHOW COLUMNS FROM `home` [ RunTime:0.003588s ]
[ sql ] [ SQL ] SELECT * FROM `home` WHERE  `is_delete` = '1' ORDER BY `home_id`  desc LIMIT 0,10 [ RunTime:0.001437s ]
[ sql ] [ SQL ] SELECT COUNT(*) AS tp_count FROM `home` WHERE  `is_delete` = '1' LIMIT 1 [ RunTime:0.000726s ]

---------------------------------------------------------------
[ 2020-07-02T15:36:46+08:00 ] 127.0.0.1 127.0.0.1 POST /index.php/Index/billInfo?type=1&open_id=o4C2C4puxlp3zl0ymHnjWH00nshk
[ log ] www.backend.com/index.php/Index/billInfo?type=1&open_id=o4C2C4puxlp3zl0ymHnjWH00nshk [运行时间：0.962030s][吞吐率：1.04req/s] [内存消耗：2,513.74kb] [文件加载：66]
[ info ] [ LANG ] E:\PHPserver\wwwroot\default\aliyun_1805\thinkphp\lang\zh-cn.php
[ info ] [ BIND ] 'index'
[ info ] [ ROUTE ] array (
  'type' => 'module',
  'module' => 
  array (
    0 => 'index',
    1 => 'Index',
    2 => 'billInfo',
  ),
)
[ info ] [ HEADER ] array (
  'content-length' => '0',
  'cookie' => 'PHPSESSID=p8u48k2riphq7d9mg386mvjtmb',
  'connection' => 'keep-alive',
  'accept-encoding' => 'gzip, deflate, br',
  'host' => 'www.backend.com',
  'postman-token' => 'e1acdc13-f32c-4e08-9fdd-0e88ee213faf',
  'cache-control' => 'no-cache',
  'accept' => '*/*',
  'user-agent' => 'PostmanRuntime/7.25.0',
  'content-type' => '',
)
[ info ] [ PARAM ] array (
  'type' => '1',
  'open_id' => 'o4C2C4puxlp3zl0ymHnjWH00nshk',
)
[ info ] [ SESSION ] INIT array (
  'prefix' => 'module',
  'type' => '',
  'auto_start' => true,
)
[ info ] [ RUN ] app\index\controller\Index->billInfo[ E:\PHPserver\wwwroot\default\aliyun_1805\application\index\controller\Index.php ]
[ info ] [ DB ] INIT mysql
[ info ] [ LOG ] INIT File
[ sql ] [ DB ] CONNECT:[ UseTime:0.050338s ] mysql:dbname=property;host=127.0.0.1;port=3306;charset=utf8
[ sql ] [ SQL ] SHOW COLUMNS FROM `user` [ RunTime:0.082797s ]
[ sql ] [ SQL ] SELECT * FROM `user` WHERE  `openId` = 'o4C2C4puxlp3zl0ymHnjWH00nshk'  AND `status` = 1 LIMIT 1 [ RunTime:0.440228s ]
[ sql ] [ SQL ] SELECT * FROM `user` WHERE  `openId` = 'o4C2C4puxlp3zl0ymHnjWH00nshk'  AND `status` = 1 LIMIT 1 [ RunTime:0.000410s ]
[ sql ] [ SQL ] SHOW COLUMNS FROM `home` [ RunTime:0.003537s ]
[ sql ] [ SQL ] SELECT * FROM `home` WHERE  `home_id` = 13 LIMIT 1 [ RunTime:0.072978s ]
[ sql ] [ SQL ] SHOW COLUMNS FROM `district` [ RunTime:0.003605s ]
[ sql ] [ SQL ] SELECT * FROM `district` WHERE  `id` = 1 LIMIT 1 [ RunTime:0.001086s ]
[ sql ] [ SQL ] SELECT * FROM `user` WHERE  `openId` = 'o4C2C4puxlp3zl0ymHnjWH00nshk'  AND `status` = 1 LIMIT 1 [ RunTime:0.000645s ]

---------------------------------------------------------------
[ 2020-07-02T15:37:13+08:00 ] 127.0.0.1 127.0.0.1 POST /index.php/Index/billInfo?type=1&open_id=o4C2C4puxlp3zl0ymHnjWH00nshk
[ log ] www.backend.com/index.php/Index/billInfo?type=1&open_id=o4C2C4puxlp3zl0ymHnjWH00nshk [运行时间：0.139222s][吞吐率：7.18req/s] [内存消耗：2,589.22kb] [文件加载：71]
[ info ] [ LANG ] E:\PHPserver\wwwroot\default\aliyun_1805\thinkphp\lang\zh-cn.php
[ info ] [ BIND ] 'index'
[ info ] [ ROUTE ] array (
  'type' => 'module',
  'module' => 
  array (
    0 => 'index',
    1 => 'Index',
    2 => 'billInfo',
  ),
)
[ info ] [ HEADER ] array (
  'content-length' => '0',
  'cookie' => 'PHPSESSID=p8u48k2riphq7d9mg386mvjtmb',
  'connection' => 'keep-alive',
  'accept-encoding' => 'gzip, deflate, br',
  'host' => 'www.backend.com',
  'postman-token' => '9e8b2f53-ec7d-4055-9906-5ef55f139eae',
  'cache-control' => 'no-cache',
  'accept' => '*/*',
  'user-agent' => 'PostmanRuntime/7.25.0',
  'content-type' => '',
)
[ info ] [ PARAM ] array (
  'type' => '1',
  'open_id' => 'o4C2C4puxlp3zl0ymHnjWH00nshk',
)
[ info ] [ SESSION ] INIT array (
  'prefix' => 'module',
  'type' => '',
  'auto_start' => true,
)
[ info ] [ RUN ] app\index\controller\Index->billInfo[ E:\PHPserver\wwwroot\default\aliyun_1805\application\index\controller\Index.php ]
[ info ] [ DB ] INIT mysql
[ info ] [ LOG ] INIT File
[ sql ] [ DB ] CONNECT:[ UseTime:0.011954s ] mysql:dbname=property;host=127.0.0.1;port=3306;charset=utf8
[ sql ] [ SQL ] SHOW COLUMNS FROM `user` [ RunTime:0.004415s ]
[ sql ] [ SQL ] SELECT * FROM `user` WHERE  `openId` = 'o4C2C4puxlp3zl0ymHnjWH00nshk'  AND `status` = 1 LIMIT 1 [ RunTime:0.001078s ]
[ sql ] [ SQL ] SELECT * FROM `user` WHERE  `openId` = 'o4C2C4puxlp3zl0ymHnjWH00nshk'  AND `status` = 1 LIMIT 1 [ RunTime:0.000348s ]
[ sql ] [ SQL ] SHOW COLUMNS FROM `home` [ RunTime:0.003184s ]
[ sql ] [ SQL ] SELECT * FROM `home` WHERE  `home_id` = 13 LIMIT 1 [ RunTime:0.000932s ]
[ sql ] [ SQL ] SHOW COLUMNS FROM `district` [ RunTime:0.002774s ]
[ sql ] [ SQL ] SELECT * FROM `district` WHERE  `id` = 1 LIMIT 1 [ RunTime:0.000852s ]
[ sql ] [ SQL ] SELECT * FROM `user` WHERE  `openId` = 'o4C2C4puxlp3zl0ymHnjWH00nshk'  AND `status` = 1 LIMIT 1 [ RunTime:0.000661s ]
[ sql ] [ SQL ] SHOW COLUMNS FROM `order_no` [ RunTime:0.004282s ]
[ sql ] [ SQL ] SELECT * FROM `order_no` WHERE  `type` = '0'  AND `pay_status` = '0'  AND `home_id` = 13  AND `status` = 1 ORDER BY `id`  desc [ RunTime:0.002445s ]
[ sql ] [ SQL ] SELECT * FROM `home` WHERE  `home_id` = 13 LIMIT 1 [ RunTime:0.000630s ]

---------------------------------------------------------------
[ 2020-07-02T15:38:52+08:00 ] 127.0.0.1 127.0.0.1 POST /index.php/Index/billInfo?type=2&open_id=o4C2C4puxlp3zl0ymHnjWH00nshk
[ log ] www.backend.com/index.php/Index/billInfo?type=2&open_id=o4C2C4puxlp3zl0ymHnjWH00nshk [运行时间：0.122854s][吞吐率：8.14req/s] [内存消耗：2,599.36kb] [文件加载：71]
[ info ] [ LANG ] E:\PHPserver\wwwroot\default\aliyun_1805\thinkphp\lang\zh-cn.php
[ info ] [ BIND ] 'index'
[ info ] [ ROUTE ] array (
  'type' => 'module',
  'module' => 
  array (
    0 => 'index',
    1 => 'Index',
    2 => 'billInfo',
  ),
)
[ info ] [ HEADER ] array (
  'content-length' => '0',
  'cookie' => 'PHPSESSID=p8u48k2riphq7d9mg386mvjtmb',
  'connection' => 'keep-alive',
  'accept-encoding' => 'gzip, deflate, br',
  'host' => 'www.backend.com',
  'postman-token' => 'e1580cd1-dbde-44fb-88db-d77737e3e59f',
  'cache-control' => 'no-cache',
  'accept' => '*/*',
  'user-agent' => 'PostmanRuntime/7.25.0',
  'content-type' => '',
)
[ info ] [ PARAM ] array (
  'type' => '2',
  'open_id' => 'o4C2C4puxlp3zl0ymHnjWH00nshk',
)
[ info ] [ SESSION ] INIT array (
  'prefix' => 'module',
  'type' => '',
  'auto_start' => true,
)
[ info ] [ RUN ] app\index\controller\Index->billInfo[ E:\PHPserver\wwwroot\default\aliyun_1805\application\index\controller\Index.php ]
[ info ] [ DB ] INIT mysql
[ info ] [ LOG ] INIT File
[ sql ] [ DB ] CONNECT:[ UseTime:0.001498s ] mysql:dbname=property;host=127.0.0.1;port=3306;charset=utf8
[ sql ] [ SQL ] SHOW COLUMNS FROM `user` [ RunTime:0.003978s ]
[ sql ] [ SQL ] SELECT * FROM `user` WHERE  `openId` = 'o4C2C4puxlp3zl0ymHnjWH00nshk'  AND `status` = 1 LIMIT 1 [ RunTime:0.000919s ]
[ sql ] [ SQL ] SELECT * FROM `user` WHERE  `openId` = 'o4C2C4puxlp3zl0ymHnjWH00nshk'  AND `status` = 1 LIMIT 1 [ RunTime:0.000344s ]
[ sql ] [ SQL ] SHOW COLUMNS FROM `home` [ RunTime:0.002672s ]
[ sql ] [ SQL ] SELECT * FROM `home` WHERE  `home_id` = 13 LIMIT 1 [ RunTime:0.001089s ]
[ sql ] [ SQL ] SHOW COLUMNS FROM `district` [ RunTime:0.002777s ]
[ sql ] [ SQL ] SELECT * FROM `district` WHERE  `id` = 1 LIMIT 1 [ RunTime:0.000758s ]
[ sql ] [ SQL ] SELECT * FROM `user` WHERE  `openId` = 'o4C2C4puxlp3zl0ymHnjWH00nshk'  AND `status` = 1 LIMIT 1 [ RunTime:0.000614s ]
[ sql ] [ SQL ] SHOW COLUMNS FROM `order_no` [ RunTime:0.003780s ]
[ sql ] [ SQL ] SELECT * FROM `order_no` WHERE  `type` = '1'  AND `pay_status` = '0'  AND `home_id` = 13  AND `status` = 1 ORDER BY `id`  desc [ RunTime:0.001546s ]

---------------------------------------------------------------
