[ 2020-07-06T10:19:26+08:00 ] 127.0.0.1 127.0.0.1 GET /admin.php/Home/homeList.html
[ log ] www.backend.com/admin.php/Home/homeList.html [运行时间：0.556503s][吞吐率：1.80req/s] [内存消耗：2,836.48kb] [文件加载：76]
[ info ] [ LANG ] E:\PHPserver\wwwroot\default\aliyun_1805\thinkphp\lang\zh-cn.php
[ info ] [ BIND ] 'admin'
[ info ] [ ROUTE ] array (
  'type' => 'module',
  'module' => 
  array (
    0 => 'admin',
    1 => 'Home',
    2 => 'homeList',
  ),
)
[ info ] [ HEADER ] array (
  'cookie' => 'thinkphp_show_page_trace=0|0; thinkphp_show_page_trace=0|0; PHPSESSID=hu6de7c6nutcp5tk4rjbuqv0p7',
  'accept-language' => 'zh-CN,zh;q=0.9',
  'accept-encoding' => 'gzip, deflate',
  'accept' => 'text/html,application/xhtml+xml,application/xml;q=0.9,image/webp,image/apng,*/*;q=0.8,application/signed-exchange;v=b3',
  'user-agent' => 'Mozilla/5.0 (Windows NT 10.0; WOW64) AppleWebKit/537.36 (KHTML, like Gecko) Chrome/78.0.3904.97 Safari/537.36',
  'upgrade-insecure-requests' => '1',
  'cache-control' => 'max-age=0',
  'connection' => 'keep-alive',
  'host' => 'www.backend.com',
  'content-length' => '',
  'content-type' => '',
)
[ info ] [ PARAM ] array (
)
[ info ] [ SESSION ] INIT array (
  'id' => '',
  'var_session_id' => '',
  'prefix' => 'think',
  'type' => '',
  'auto_start' => true,
)
[ info ] [ DB ] INIT mysql
[ info ] [ RUN ] app\admin\controller\Home->homeList[ E:\PHPserver\wwwroot\default\aliyun_1805\application\admin\controller\Home.php ]
[ info ] [ VIEW ] E:\PHPserver\wwwroot\default\aliyun_1805\public/../application/admin\view\home\homelist.html [ array (
  0 => 'images',
  1 => 'AllMenu',
  2 => 'districts',
) ]
[ info ] [ LOG ] INIT File
[ sql ] [ DB ] CONNECT:[ UseTime:0.034845s ] mysql:dbname=property;host=127.0.0.1;port=3306;charset=utf8
[ sql ] [ SQL ] SHOW COLUMNS FROM `power_node` [ RunTime:0.031924s ]
[ sql ] [ SQL ] SELECT * FROM `power_node` WHERE  `status` = 1 ORDER BY level asc [ RunTime:0.018270s ]
[ sql ] [ SQL ] SHOW COLUMNS FROM `system` [ RunTime:0.002841s ]
[ sql ] [ SQL ] SELECT * FROM `system` LIMIT 1 [ RunTime:0.010894s ]
[ sql ] [ SQL ] SHOW COLUMNS FROM `district` [ RunTime:0.003096s ]
[ sql ] [ SQL ] SELECT `id`,`name` FROM `district` ORDER BY `id`  asc [ RunTime:0.008603s ]

---------------------------------------------------------------
[ 2020-07-06T10:19:27+08:00 ] 127.0.0.1 127.0.0.1 GET /admin.php/home/homelist.html?page=1&limit=10
[ log ] www.backend.com/admin.php/home/homelist.html?page=1&limit=10 [运行时间：0.169084s][吞吐率：5.91req/s] [内存消耗：2,556.90kb] [文件加载：68]
[ info ] [ LANG ] E:\PHPserver\wwwroot\default\aliyun_1805\thinkphp\lang\zh-cn.php
[ info ] [ BIND ] 'admin'
[ info ] [ ROUTE ] array (
  'type' => 'module',
  'module' => 
  array (
    0 => 'admin',
    1 => 'home',
    2 => 'homelist',
  ),
)
[ info ] [ HEADER ] array (
  'cookie' => 'thinkphp_show_page_trace=0|0; thinkphp_show_page_trace=0|0; PHPSESSID=hu6de7c6nutcp5tk4rjbuqv0p7',
  'accept-language' => 'zh-CN,zh;q=0.9',
  'accept-encoding' => 'gzip, deflate',
  'referer' => 'http://www.backend.com/admin.php/Home/homeList.html',
  'user-agent' => 'Mozilla/5.0 (Windows NT 10.0; WOW64) AppleWebKit/537.36 (KHTML, like Gecko) Chrome/78.0.3904.97 Safari/537.36',
  'x-requested-with' => 'XMLHttpRequest',
  'accept' => 'application/json, text/javascript, */*; q=0.01',
  'connection' => 'keep-alive',
  'host' => 'www.backend.com',
  'content-length' => '',
  'content-type' => '',
)
[ info ] [ PARAM ] array (
  'page' => '1',
  'limit' => '10',
)
[ info ] [ SESSION ] INIT array (
  'id' => '',
  'var_session_id' => '',
  'prefix' => 'think',
  'type' => '',
  'auto_start' => true,
)
[ info ] [ DB ] INIT mysql
[ info ] [ RUN ] app\admin\controller\Home->homeList[ E:\PHPserver\wwwroot\default\aliyun_1805\application\admin\controller\Home.php ]
[ info ] [ LOG ] INIT File
[ sql ] [ DB ] CONNECT:[ UseTime:0.003712s ] mysql:dbname=property;host=127.0.0.1;port=3306;charset=utf8
[ sql ] [ SQL ] SHOW COLUMNS FROM `power_node` [ RunTime:0.003525s ]
[ sql ] [ SQL ] SELECT * FROM `power_node` WHERE  `status` = 1 ORDER BY level asc [ RunTime:0.001033s ]
[ sql ] [ SQL ] SHOW COLUMNS FROM `system` [ RunTime:0.002821s ]
[ sql ] [ SQL ] SELECT * FROM `system` LIMIT 1 [ RunTime:0.000987s ]
[ sql ] [ SQL ] SHOW COLUMNS FROM `home` [ RunTime:0.029898s ]
[ sql ] [ SQL ] SELECT * FROM `home` WHERE  `is_delete` = '1' ORDER BY `home_id`  desc LIMIT 0,10 [ RunTime:0.054504s ]
[ sql ] [ SQL ] SELECT COUNT(*) AS tp_count FROM `home` WHERE  `is_delete` = '1' LIMIT 1 [ RunTime:0.000569s ]

---------------------------------------------------------------
[ 2020-07-06T10:19:30+08:00 ] 127.0.0.1 127.0.0.1 GET /admin.php/Home/homeList.html
[ log ] www.backend.com/admin.php/Home/homeList.html [运行时间：0.091338s][吞吐率：10.95req/s] [内存消耗：2,695.51kb] [文件加载：74]
[ info ] [ LANG ] E:\PHPserver\wwwroot\default\aliyun_1805\thinkphp\lang\zh-cn.php
[ info ] [ BIND ] 'admin'
[ info ] [ ROUTE ] array (
  'type' => 'module',
  'module' => 
  array (
    0 => 'admin',
    1 => 'Home',
    2 => 'homeList',
  ),
)
[ info ] [ HEADER ] array (
  'cookie' => 'thinkphp_show_page_trace=0|0; thinkphp_show_page_trace=0|0; PHPSESSID=hu6de7c6nutcp5tk4rjbuqv0p7',
  'accept-language' => 'zh-CN,zh;q=0.9',
  'accept-encoding' => 'gzip, deflate',
  'accept' => 'text/html,application/xhtml+xml,application/xml;q=0.9,image/webp,image/apng,*/*;q=0.8,application/signed-exchange;v=b3',
  'user-agent' => 'Mozilla/5.0 (Windows NT 10.0; WOW64) AppleWebKit/537.36 (KHTML, like Gecko) Chrome/78.0.3904.97 Safari/537.36',
  'upgrade-insecure-requests' => '1',
  'cache-control' => 'max-age=0',
  'connection' => 'keep-alive',
  'host' => 'www.backend.com',
  'content-length' => '',
  'content-type' => '',
)
[ info ] [ PARAM ] array (
)
[ info ] [ SESSION ] INIT array (
  'id' => '',
  'var_session_id' => '',
  'prefix' => 'think',
  'type' => '',
  'auto_start' => true,
)
[ info ] [ DB ] INIT mysql
[ info ] [ RUN ] app\admin\controller\Home->homeList[ E:\PHPserver\wwwroot\default\aliyun_1805\application\admin\controller\Home.php ]
[ info ] [ VIEW ] E:\PHPserver\wwwroot\default\aliyun_1805\public/../application/admin\view\home\homelist.html [ array (
  0 => 'images',
  1 => 'AllMenu',
  2 => 'districts',
) ]
[ info ] [ LOG ] INIT File
[ sql ] [ DB ] CONNECT:[ UseTime:0.011875s ] mysql:dbname=property;host=127.0.0.1;port=3306;charset=utf8
[ sql ] [ SQL ] SHOW COLUMNS FROM `power_node` [ RunTime:0.004430s ]
[ sql ] [ SQL ] SELECT * FROM `power_node` WHERE  `status` = 1 ORDER BY level asc [ RunTime:0.000892s ]
[ sql ] [ SQL ] SHOW COLUMNS FROM `system` [ RunTime:0.002295s ]
[ sql ] [ SQL ] SELECT * FROM `system` LIMIT 1 [ RunTime:0.000667s ]
[ sql ] [ SQL ] SHOW COLUMNS FROM `district` [ RunTime:0.001706s ]
[ sql ] [ SQL ] SELECT `id`,`name` FROM `district` ORDER BY `id`  asc [ RunTime:0.000896s ]

---------------------------------------------------------------
[ 2020-07-06T10:19:30+08:00 ] 127.0.0.1 127.0.0.1 GET /admin.php/home/homelist.html?page=1&limit=10
[ log ] www.backend.com/admin.php/home/homelist.html?page=1&limit=10 [运行时间：0.086846s][吞吐率：11.51req/s] [内存消耗：2,556.90kb] [文件加载：68]
[ info ] [ LANG ] E:\PHPserver\wwwroot\default\aliyun_1805\thinkphp\lang\zh-cn.php
[ info ] [ BIND ] 'admin'
[ info ] [ ROUTE ] array (
  'type' => 'module',
  'module' => 
  array (
    0 => 'admin',
    1 => 'home',
    2 => 'homelist',
  ),
)
[ info ] [ HEADER ] array (
  'cookie' => 'thinkphp_show_page_trace=0|0; thinkphp_show_page_trace=0|0; PHPSESSID=hu6de7c6nutcp5tk4rjbuqv0p7',
  'accept-language' => 'zh-CN,zh;q=0.9',
  'accept-encoding' => 'gzip, deflate',
  'referer' => 'http://www.backend.com/admin.php/Home/homeList.html',
  'user-agent' => 'Mozilla/5.0 (Windows NT 10.0; WOW64) AppleWebKit/537.36 (KHTML, like Gecko) Chrome/78.0.3904.97 Safari/537.36',
  'x-requested-with' => 'XMLHttpRequest',
  'accept' => 'application/json, text/javascript, */*; q=0.01',
  'connection' => 'keep-alive',
  'host' => 'www.backend.com',
  'content-length' => '',
  'content-type' => '',
)
[ info ] [ PARAM ] array (
  'page' => '1',
  'limit' => '10',
)
[ info ] [ SESSION ] INIT array (
  'id' => '',
  'var_session_id' => '',
  'prefix' => 'think',
  'type' => '',
  'auto_start' => true,
)
[ info ] [ DB ] INIT mysql
[ info ] [ RUN ] app\admin\controller\Home->homeList[ E:\PHPserver\wwwroot\default\aliyun_1805\application\admin\controller\Home.php ]
[ info ] [ LOG ] INIT File
[ sql ] [ DB ] CONNECT:[ UseTime:0.001291s ] mysql:dbname=property;host=127.0.0.1;port=3306;charset=utf8
[ sql ] [ SQL ] SHOW COLUMNS FROM `power_node` [ RunTime:0.004071s ]
[ sql ] [ SQL ] SELECT * FROM `power_node` WHERE  `status` = 1 ORDER BY level asc [ RunTime:0.001242s ]
[ sql ] [ SQL ] SHOW COLUMNS FROM `system` [ RunTime:0.003249s ]
[ sql ] [ SQL ] SELECT * FROM `system` LIMIT 1 [ RunTime:0.000756s ]
[ sql ] [ SQL ] SHOW COLUMNS FROM `home` [ RunTime:0.003143s ]
[ sql ] [ SQL ] SELECT * FROM `home` WHERE  `is_delete` = '1' ORDER BY `home_id`  desc LIMIT 0,10 [ RunTime:0.000900s ]
[ sql ] [ SQL ] SELECT COUNT(*) AS tp_count FROM `home` WHERE  `is_delete` = '1' LIMIT 1 [ RunTime:0.000459s ]

---------------------------------------------------------------
[ 2020-07-06T10:19:43+08:00 ] 127.0.0.1 127.0.0.1 GET /admin.php/Home/homeList.html
[ log ] www.backend.com/admin.php/Home/homeList.html [运行时间：0.082594s][吞吐率：12.11req/s] [内存消耗：2,836.50kb] [文件加载：76]
[ info ] [ LANG ] E:\PHPserver\wwwroot\default\aliyun_1805\thinkphp\lang\zh-cn.php
[ info ] [ BIND ] 'admin'
[ info ] [ ROUTE ] array (
  'type' => 'module',
  'module' => 
  array (
    0 => 'admin',
    1 => 'Home',
    2 => 'homeList',
  ),
)
[ info ] [ HEADER ] array (
  'cookie' => 'thinkphp_show_page_trace=0|0; thinkphp_show_page_trace=0|0; PHPSESSID=hu6de7c6nutcp5tk4rjbuqv0p7',
  'accept-language' => 'zh-CN,zh;q=0.9',
  'accept-encoding' => 'gzip, deflate',
  'accept' => 'text/html,application/xhtml+xml,application/xml;q=0.9,image/webp,image/apng,*/*;q=0.8,application/signed-exchange;v=b3',
  'user-agent' => 'Mozilla/5.0 (Windows NT 10.0; WOW64) AppleWebKit/537.36 (KHTML, like Gecko) Chrome/78.0.3904.97 Safari/537.36',
  'upgrade-insecure-requests' => '1',
  'cache-control' => 'max-age=0',
  'connection' => 'keep-alive',
  'host' => 'www.backend.com',
  'content-length' => '',
  'content-type' => '',
)
[ info ] [ PARAM ] array (
)
[ info ] [ SESSION ] INIT array (
  'id' => '',
  'var_session_id' => '',
  'prefix' => 'think',
  'type' => '',
  'auto_start' => true,
)
[ info ] [ DB ] INIT mysql
[ info ] [ RUN ] app\admin\controller\Home->homeList[ E:\PHPserver\wwwroot\default\aliyun_1805\application\admin\controller\Home.php ]
[ info ] [ VIEW ] E:\PHPserver\wwwroot\default\aliyun_1805\public/../application/admin\view\home\homelist.html [ array (
  0 => 'images',
  1 => 'AllMenu',
  2 => 'districts',
) ]
[ info ] [ LOG ] INIT File
[ sql ] [ DB ] CONNECT:[ UseTime:0.001928s ] mysql:dbname=property;host=127.0.0.1;port=3306;charset=utf8
[ sql ] [ SQL ] SHOW COLUMNS FROM `power_node` [ RunTime:0.003168s ]
[ sql ] [ SQL ] SELECT * FROM `power_node` WHERE  `status` = 1 ORDER BY level asc [ RunTime:0.001470s ]
[ sql ] [ SQL ] SHOW COLUMNS FROM `system` [ RunTime:0.002092s ]
[ sql ] [ SQL ] SELECT * FROM `system` LIMIT 1 [ RunTime:0.000684s ]
[ sql ] [ SQL ] SHOW COLUMNS FROM `district` [ RunTime:0.001821s ]
[ sql ] [ SQL ] SELECT `id`,`name` FROM `district` ORDER BY `id`  asc [ RunTime:0.000585s ]

---------------------------------------------------------------
[ 2020-07-06T10:19:43+08:00 ] 127.0.0.1 127.0.0.1 GET /admin.php/home/homelist.html?page=1&limit=10
[ log ] www.backend.com/admin.php/home/homelist.html?page=1&limit=10 [运行时间：0.078186s][吞吐率：12.79req/s] [内存消耗：2,556.90kb] [文件加载：68]
[ info ] [ LANG ] E:\PHPserver\wwwroot\default\aliyun_1805\thinkphp\lang\zh-cn.php
[ info ] [ BIND ] 'admin'
[ info ] [ ROUTE ] array (
  'type' => 'module',
  'module' => 
  array (
    0 => 'admin',
    1 => 'home',
    2 => 'homelist',
  ),
)
[ info ] [ HEADER ] array (
  'cookie' => 'thinkphp_show_page_trace=0|0; thinkphp_show_page_trace=0|0; PHPSESSID=hu6de7c6nutcp5tk4rjbuqv0p7',
  'accept-language' => 'zh-CN,zh;q=0.9',
  'accept-encoding' => 'gzip, deflate',
  'referer' => 'http://www.backend.com/admin.php/Home/homeList.html',
  'user-agent' => 'Mozilla/5.0 (Windows NT 10.0; WOW64) AppleWebKit/537.36 (KHTML, like Gecko) Chrome/78.0.3904.97 Safari/537.36',
  'x-requested-with' => 'XMLHttpRequest',
  'accept' => 'application/json, text/javascript, */*; q=0.01',
  'connection' => 'keep-alive',
  'host' => 'www.backend.com',
  'content-length' => '',
  'content-type' => '',
)
[ info ] [ PARAM ] array (
  'page' => '1',
  'limit' => '10',
)
[ info ] [ SESSION ] INIT array (
  'id' => '',
  'var_session_id' => '',
  'prefix' => 'think',
  'type' => '',
  'auto_start' => true,
)
[ info ] [ DB ] INIT mysql
[ info ] [ RUN ] app\admin\controller\Home->homeList[ E:\PHPserver\wwwroot\default\aliyun_1805\application\admin\controller\Home.php ]
[ info ] [ LOG ] INIT File
[ sql ] [ DB ] CONNECT:[ UseTime:0.001257s ] mysql:dbname=property;host=127.0.0.1;port=3306;charset=utf8
[ sql ] [ SQL ] SHOW COLUMNS FROM `power_node` [ RunTime:0.003781s ]
[ sql ] [ SQL ] SELECT * FROM `power_node` WHERE  `status` = 1 ORDER BY level asc [ RunTime:0.001114s ]
[ sql ] [ SQL ] SHOW COLUMNS FROM `system` [ RunTime:0.002625s ]
[ sql ] [ SQL ] SELECT * FROM `system` LIMIT 1 [ RunTime:0.000700s ]
[ sql ] [ SQL ] SHOW COLUMNS FROM `home` [ RunTime:0.002843s ]
[ sql ] [ SQL ] SELECT * FROM `home` WHERE  `is_delete` = '1' ORDER BY `home_id`  desc LIMIT 0,10 [ RunTime:0.000827s ]
[ sql ] [ SQL ] SELECT COUNT(*) AS tp_count FROM `home` WHERE  `is_delete` = '1' LIMIT 1 [ RunTime:0.000456s ]

---------------------------------------------------------------
