[ 2020-07-15T11:16:59+08:00 ] 127.0.0.1 127.0.0.1 GET /
[ log ] www.backendtp6.com/ [运行时间：0.427839s][吞吐率：2.34req/s] [内存消耗：2,600.80kb] [文件加载：69]
[ info ] [ LANG ] E:\PHPserver\wwwroot\default\merchant\thinkphp\lang\zh-cn.php
[ info ] [ BIND ] 'index'
[ info ] [ ROUTE ] array (
  'type' => 'module',
  'module' => 
  array (
    0 => 'index',
    1 => NULL,
    2 => NULL,
  ),
)
[ info ] [ HEADER ] array (
  'accept-language' => 'zh-CN,zh;q=0.9',
  'accept-encoding' => 'gzip, deflate',
  'accept' => 'text/html,application/xhtml+xml,application/xml;q=0.9,image/webp,image/apng,*/*;q=0.8,application/signed-exchange;v=b3',
  'user-agent' => 'Mozilla/5.0 (Windows NT 10.0; WOW64) AppleWebKit/537.36 (KHTML, like Gecko) Chrome/78.0.3904.97 Safari/537.36',
  'upgrade-insecure-requests' => '1',
  'connection' => 'keep-alive',
  'host' => 'www.backendtp6.com',
  'content-length' => '',
  'content-type' => '',
)
[ info ] [ PARAM ] array (
)
[ info ] [ SESSION ] INIT array (
  'prefix' => 'module',
  'type' => '',
  'auto_start' => true,
)
[ info ] [ RUN ] app\index\controller\Index->index[ E:\PHPserver\wwwroot\default\merchant\application\index\controller\Index.php ]
[ info ] [ DB ] INIT mysql
[ info ] [ LOG ] INIT File
[ sql ] [ DB ] CONNECT:[ UseTime:0.029714s ] mysql:dbname=property;host=127.0.0.1;port=3306;charset=utf8
[ sql ] [ SQL ] SHOW COLUMNS FROM `banner` [ RunTime:0.058890s ]
[ sql ] [ SQL ] SELECT * FROM `banner` [ RunTime:0.046820s ]
[ sql ] [ SQL ] SHOW COLUMNS FROM `brand` [ RunTime:0.003267s ]
[ sql ] [ SQL ] SELECT * FROM `brand` WHERE  `brand_show` = 1 ORDER BY `brand_id`  desc LIMIT 1 [ RunTime:0.021145s ]

---------------------------------------------------------------
[ 2020-07-15T11:17:03+08:00 ] 127.0.0.1 127.0.0.1 GET /
[ log ] www.backendtp6.com/ [运行时间：0.055827s][吞吐率：17.91req/s] [内存消耗：2,601.17kb] [文件加载：69]
[ info ] [ LANG ] E:\PHPserver\wwwroot\default\merchant\thinkphp\lang\zh-cn.php
[ info ] [ BIND ] 'index'
[ info ] [ ROUTE ] array (
  'type' => 'module',
  'module' => 
  array (
    0 => 'index',
    1 => NULL,
    2 => NULL,
  ),
)
[ info ] [ HEADER ] array (
  'cookie' => 'PHPSESSID=pcgmqorbsuqr5r3euohjpe6piq',
  'accept-language' => 'zh-CN,zh;q=0.9',
  'accept-encoding' => 'gzip, deflate',
  'accept' => 'text/html,application/xhtml+xml,application/xml;q=0.9,image/webp,image/apng,*/*;q=0.8,application/signed-exchange;v=b3',
  'user-agent' => 'Mozilla/5.0 (Windows NT 10.0; WOW64) AppleWebKit/537.36 (KHTML, like Gecko) Chrome/78.0.3904.97 Safari/537.36',
  'upgrade-insecure-requests' => '1',
  'cache-control' => 'max-age=0',
  'connection' => 'keep-alive',
  'host' => 'www.backendtp6.com',
  'content-length' => '',
  'content-type' => '',
)
[ info ] [ PARAM ] array (
)
[ info ] [ SESSION ] INIT array (
  'prefix' => 'module',
  'type' => '',
  'auto_start' => true,
)
[ info ] [ RUN ] app\index\controller\Index->index[ E:\PHPserver\wwwroot\default\merchant\application\index\controller\Index.php ]
[ info ] [ DB ] INIT mysql
[ info ] [ LOG ] INIT File
[ sql ] [ DB ] CONNECT:[ UseTime:0.001088s ] mysql:dbname=property;host=127.0.0.1;port=3306;charset=utf8
[ sql ] [ SQL ] SHOW COLUMNS FROM `banner` [ RunTime:0.002393s ]
[ sql ] [ SQL ] SELECT * FROM `banner` [ RunTime:0.000641s ]
[ sql ] [ SQL ] SHOW COLUMNS FROM `brand` [ RunTime:0.002321s ]
[ sql ] [ SQL ] SELECT * FROM `brand` WHERE  `brand_show` = 1 ORDER BY `brand_id`  desc LIMIT 1 [ RunTime:0.000860s ]

---------------------------------------------------------------
[ 2020-07-15T11:19:57+08:00 ] 127.0.0.1 127.0.0.1 GET /index/payinvoice?code=123
[ log ] www.backendtp6.com/index/payinvoice?code=123 [运行时间：8.055443s][吞吐率：0.12req/s] [内存消耗：1,760.52kb] [文件加载：56]
[ info ] [ LANG ] E:\PHPserver\wwwroot\default\merchant\thinkphp\lang\zh-cn.php
[ info ] [ BIND ] 'index'
[ info ] [ ROUTE ] array (
  'type' => 'module',
  'module' => 
  array (
    0 => 'index',
    1 => 'index',
    2 => 'payinvoice',
  ),
)
[ info ] [ HEADER ] array (
  'connection' => 'keep-alive',
  'accept-encoding' => 'gzip, deflate, br',
  'host' => 'www.backendtp6.com',
  'postman-token' => 'aebed23c-25b7-4f82-ad50-083db7e305c3',
  'cache-control' => 'no-cache',
  'accept' => '*/*',
  'user-agent' => 'PostmanRuntime/7.26.1',
  'content-length' => '',
  'content-type' => '',
)
[ info ] [ PARAM ] array (
  'code' => '123',
)
[ info ] [ SESSION ] INIT array (
  'prefix' => 'module',
  'type' => '',
  'auto_start' => true,
)
[ info ] [ RUN ] app\index\controller\Index->payinvoice[ E:\PHPserver\wwwroot\default\merchant\application\index\controller\Index.php ]
[ info ] [ LOG ] INIT File

---------------------------------------------------------------
[ 2020-07-15T11:20:20+08:00 ] 127.0.0.1 127.0.0.1 GET /index/payinvoice?code=123
[ log ] www.backendtp6.com/index/payinvoice?code=123 [运行时间：0.041310s][吞吐率：24.21req/s] [内存消耗：1,762.00kb] [文件加载：56]
[ info ] [ LANG ] E:\PHPserver\wwwroot\default\merchant\thinkphp\lang\zh-cn.php
[ info ] [ BIND ] 'index'
[ info ] [ ROUTE ] array (
  'type' => 'module',
  'module' => 
  array (
    0 => 'index',
    1 => 'index',
    2 => 'payinvoice',
  ),
)
[ info ] [ HEADER ] array (
  'cookie' => 'PHPSESSID=egj31iqh7nb7sut5p22qm4ccv4',
  'connection' => 'keep-alive',
  'accept-encoding' => 'gzip, deflate, br',
  'host' => 'www.backendtp6.com',
  'postman-token' => '2fd34826-9d8c-4c77-821c-c0b6485bccb4',
  'cache-control' => 'no-cache',
  'accept' => '*/*',
  'user-agent' => 'PostmanRuntime/7.26.1',
  'content-length' => '',
  'content-type' => '',
)
[ info ] [ PARAM ] array (
  'code' => '123',
)
[ info ] [ SESSION ] INIT array (
  'prefix' => 'module',
  'type' => '',
  'auto_start' => true,
)
[ info ] [ RUN ] app\index\controller\Index->payinvoice[ E:\PHPserver\wwwroot\default\merchant\application\index\controller\Index.php ]
[ info ] [ LOG ] INIT File

---------------------------------------------------------------
[ 2020-07-15T11:20:41+08:00 ] 127.0.0.1 127.0.0.1 GET /index/payinvoice?code=123
[ log ] www.backendtp6.com/index/payinvoice?code=123 [运行时间：0.092161s][吞吐率：10.85req/s] [内存消耗：1,762.01kb] [文件加载：56]
[ info ] [ LANG ] E:\PHPserver\wwwroot\default\merchant\thinkphp\lang\zh-cn.php
[ info ] [ BIND ] 'index'
[ info ] [ ROUTE ] array (
  'type' => 'module',
  'module' => 
  array (
    0 => 'index',
    1 => 'index',
    2 => 'payinvoice',
  ),
)
[ info ] [ HEADER ] array (
  'cookie' => 'PHPSESSID=egj31iqh7nb7sut5p22qm4ccv4',
  'connection' => 'keep-alive',
  'accept-encoding' => 'gzip, deflate, br',
  'host' => 'www.backendtp6.com',
  'postman-token' => '70431a40-541f-40f6-b98c-6637c13a00a1',
  'cache-control' => 'no-cache',
  'accept' => '*/*',
  'user-agent' => 'PostmanRuntime/7.26.1',
  'content-length' => '',
  'content-type' => '',
)
[ info ] [ PARAM ] array (
  'code' => '123',
)
[ info ] [ SESSION ] INIT array (
  'prefix' => 'module',
  'type' => '',
  'auto_start' => true,
)
[ info ] [ RUN ] app\index\controller\Index->payinvoice[ E:\PHPserver\wwwroot\default\merchant\application\index\controller\Index.php ]
[ info ] [ LOG ] INIT File

---------------------------------------------------------------
[ 2020-07-15T11:20:48+08:00 ] 127.0.0.1 127.0.0.1 GET /index/payinvoice?code=123
[ log ] www.backendtp6.com/index/payinvoice?code=123 [运行时间：0.082623s][吞吐率：12.10req/s] [内存消耗：1,762.01kb] [文件加载：56]
[ info ] [ LANG ] E:\PHPserver\wwwroot\default\merchant\thinkphp\lang\zh-cn.php
[ info ] [ BIND ] 'index'
[ info ] [ ROUTE ] array (
  'type' => 'module',
  'module' => 
  array (
    0 => 'index',
    1 => 'index',
    2 => 'payinvoice',
  ),
)
[ info ] [ HEADER ] array (
  'cookie' => 'PHPSESSID=egj31iqh7nb7sut5p22qm4ccv4',
  'connection' => 'keep-alive',
  'accept-encoding' => 'gzip, deflate, br',
  'host' => 'www.backendtp6.com',
  'postman-token' => 'e3a4ec49-abc1-470a-8ee2-0534be1e87c3',
  'cache-control' => 'no-cache',
  'accept' => '*/*',
  'user-agent' => 'PostmanRuntime/7.26.1',
  'content-length' => '',
  'content-type' => '',
)
[ info ] [ PARAM ] array (
  'code' => '123',
)
[ info ] [ SESSION ] INIT array (
  'prefix' => 'module',
  'type' => '',
  'auto_start' => true,
)
[ info ] [ RUN ] app\index\controller\Index->payinvoice[ E:\PHPserver\wwwroot\default\merchant\application\index\controller\Index.php ]
[ info ] [ LOG ] INIT File

---------------------------------------------------------------
[ 2020-07-15T11:21:01+08:00 ] 127.0.0.1 127.0.0.1 GET /index/payinvoice?code=123
[ log ] www.backendtp6.com/index/payinvoice?code=123 [运行时间：0.084924s][吞吐率：11.78req/s] [内存消耗：1,762.01kb] [文件加载：56]
[ info ] [ LANG ] E:\PHPserver\wwwroot\default\merchant\thinkphp\lang\zh-cn.php
[ info ] [ BIND ] 'index'
[ info ] [ ROUTE ] array (
  'type' => 'module',
  'module' => 
  array (
    0 => 'index',
    1 => 'index',
    2 => 'payinvoice',
  ),
)
[ info ] [ HEADER ] array (
  'cookie' => 'PHPSESSID=egj31iqh7nb7sut5p22qm4ccv4',
  'connection' => 'keep-alive',
  'accept-encoding' => 'gzip, deflate, br',
  'host' => 'www.backendtp6.com',
  'postman-token' => '39653b02-ce01-4730-b971-562b5f6317ba',
  'cache-control' => 'no-cache',
  'accept' => '*/*',
  'user-agent' => 'PostmanRuntime/7.26.1',
  'content-length' => '',
  'content-type' => '',
)
[ info ] [ PARAM ] array (
  'code' => '123',
)
[ info ] [ SESSION ] INIT array (
  'prefix' => 'module',
  'type' => '',
  'auto_start' => true,
)
[ info ] [ RUN ] app\index\controller\Index->payinvoice[ E:\PHPserver\wwwroot\default\merchant\application\index\controller\Index.php ]
[ info ] [ LOG ] INIT File

---------------------------------------------------------------
[ 2020-07-15T11:22:09+08:00 ] 127.0.0.1 127.0.0.1 GET /index/payinvoice?code=123
[ log ] www.backendtp6.com/index/payinvoice?code=123 [运行时间：0.058140s][吞吐率：17.20req/s] [内存消耗：1,762.00kb] [文件加载：56]
[ info ] [ LANG ] E:\PHPserver\wwwroot\default\merchant\thinkphp\lang\zh-cn.php
[ info ] [ BIND ] 'index'
[ info ] [ ROUTE ] array (
  'type' => 'module',
  'module' => 
  array (
    0 => 'index',
    1 => 'index',
    2 => 'payinvoice',
  ),
)
[ info ] [ HEADER ] array (
  'cookie' => 'PHPSESSID=egj31iqh7nb7sut5p22qm4ccv4',
  'connection' => 'keep-alive',
  'accept-encoding' => 'gzip, deflate, br',
  'host' => 'www.backendtp6.com',
  'postman-token' => '8a2a0616-20ed-4fa3-bf26-d0aa9ed97437',
  'cache-control' => 'no-cache',
  'accept' => '*/*',
  'user-agent' => 'PostmanRuntime/7.26.1',
  'content-length' => '',
  'content-type' => '',
)
[ info ] [ PARAM ] array (
  'code' => '123',
)
[ info ] [ SESSION ] INIT array (
  'prefix' => 'module',
  'type' => '',
  'auto_start' => true,
)
[ info ] [ RUN ] app\index\controller\Index->payinvoice[ E:\PHPserver\wwwroot\default\merchant\application\index\controller\Index.php ]
[ info ] [ LOG ] INIT File

---------------------------------------------------------------
[ 2020-07-15T11:22:28+08:00 ] 127.0.0.1 127.0.0.1 GET /index/payinvoice?code=123
[ log ] www.backendtp6.com/index/payinvoice?code=123 [运行时间：0.055855s][吞吐率：17.90req/s] [内存消耗：1,762.20kb] [文件加载：56]
[ info ] [ LANG ] E:\PHPserver\wwwroot\default\merchant\thinkphp\lang\zh-cn.php
[ info ] [ BIND ] 'index'
[ info ] [ ROUTE ] array (
  'type' => 'module',
  'module' => 
  array (
    0 => 'index',
    1 => 'index',
    2 => 'payinvoice',
  ),
)
[ info ] [ HEADER ] array (
  'cookie' => 'PHPSESSID=egj31iqh7nb7sut5p22qm4ccv4',
  'connection' => 'keep-alive',
  'accept-encoding' => 'gzip, deflate, br',
  'host' => 'www.backendtp6.com',
  'postman-token' => '4099ff85-d2dd-4b68-a51b-77976cb83232',
  'cache-control' => 'no-cache',
  'accept' => '*/*',
  'user-agent' => 'PostmanRuntime/7.26.1',
  'content-length' => '',
  'content-type' => '',
)
[ info ] [ PARAM ] array (
  'code' => '123',
)
[ info ] [ SESSION ] INIT array (
  'prefix' => 'module',
  'type' => '',
  'auto_start' => true,
)
[ info ] [ RUN ] app\index\controller\Index->payinvoice[ E:\PHPserver\wwwroot\default\merchant\application\index\controller\Index.php ]
[ info ] [ LOG ] INIT File

---------------------------------------------------------------
[ 2020-07-15T11:23:00+08:00 ] 127.0.0.1 127.0.0.1 GET /index/payinvoice?code=123
[ log ] www.backendtp6.com/index/payinvoice?code=123 [运行时间：0.045696s][吞吐率：21.88req/s] [内存消耗：1,762.94kb] [文件加载：56]
[ info ] [ LANG ] E:\PHPserver\wwwroot\default\merchant\thinkphp\lang\zh-cn.php
[ info ] [ BIND ] 'index'
[ info ] [ ROUTE ] array (
  'type' => 'module',
  'module' => 
  array (
    0 => 'index',
    1 => 'index',
    2 => 'payinvoice',
  ),
)
[ info ] [ HEADER ] array (
  'cookie' => 'PHPSESSID=egj31iqh7nb7sut5p22qm4ccv4',
  'connection' => 'keep-alive',
  'accept-encoding' => 'gzip, deflate, br',
  'host' => 'www.backendtp6.com',
  'postman-token' => '797efe17-e60f-418c-80c5-0cef6b804aee',
  'cache-control' => 'no-cache',
  'accept' => '*/*',
  'user-agent' => 'PostmanRuntime/7.26.1',
  'content-length' => '',
  'content-type' => '',
)
[ info ] [ PARAM ] array (
  'code' => '123',
)
[ info ] [ SESSION ] INIT array (
  'prefix' => 'module',
  'type' => '',
  'auto_start' => true,
)
[ info ] [ RUN ] app\index\controller\Index->payinvoice[ E:\PHPserver\wwwroot\default\merchant\application\index\controller\Index.php ]
[ info ] [ LOG ] INIT File

---------------------------------------------------------------
[ 2020-07-15T11:26:03+08:00 ] 127.0.0.1 127.0.0.1 GET /index/payinvoice?code=123
[ log ] www.backendtp6.com/index/payinvoice?code=123 [运行时间：0.052383s][吞吐率：19.09req/s] [内存消耗：1,762.94kb] [文件加载：56]
[ info ] [ LANG ] E:\PHPserver\wwwroot\default\merchant\thinkphp\lang\zh-cn.php
[ info ] [ BIND ] 'index'
[ info ] [ ROUTE ] array (
  'type' => 'module',
  'module' => 
  array (
    0 => 'index',
    1 => 'index',
    2 => 'payinvoice',
  ),
)
[ info ] [ HEADER ] array (
  'cookie' => 'PHPSESSID=egj31iqh7nb7sut5p22qm4ccv4',
  'connection' => 'keep-alive',
  'accept-encoding' => 'gzip, deflate, br',
  'host' => 'www.backendtp6.com',
  'postman-token' => '502db807-2a2b-499c-a338-a58ecbb847e1',
  'cache-control' => 'no-cache',
  'accept' => '*/*',
  'user-agent' => 'PostmanRuntime/7.26.1',
  'content-length' => '',
  'content-type' => '',
)
[ info ] [ PARAM ] array (
  'code' => '123',
)
[ info ] [ SESSION ] INIT array (
  'prefix' => 'module',
  'type' => '',
  'auto_start' => true,
)
[ info ] [ RUN ] app\index\controller\Index->payinvoice[ E:\PHPserver\wwwroot\default\merchant\application\index\controller\Index.php ]
[ info ] [ LOG ] INIT File

---------------------------------------------------------------
[ 2020-07-15T11:26:17+08:00 ] 127.0.0.1 127.0.0.1 GET /index/payinvoice?code=123
[ log ] www.backendtp6.com/index/payinvoice?code=123 [运行时间：0.048537s][吞吐率：20.60req/s] [内存消耗：1,762.00kb] [文件加载：56]
[ info ] [ LANG ] E:\PHPserver\wwwroot\default\merchant\thinkphp\lang\zh-cn.php
[ info ] [ BIND ] 'index'
[ info ] [ ROUTE ] array (
  'type' => 'module',
  'module' => 
  array (
    0 => 'index',
    1 => 'index',
    2 => 'payinvoice',
  ),
)
[ info ] [ HEADER ] array (
  'cookie' => 'PHPSESSID=egj31iqh7nb7sut5p22qm4ccv4',
  'connection' => 'keep-alive',
  'accept-encoding' => 'gzip, deflate, br',
  'host' => 'www.backendtp6.com',
  'postman-token' => 'e2c87b81-cbb0-4903-b36c-cf835894c47c',
  'cache-control' => 'no-cache',
  'accept' => '*/*',
  'user-agent' => 'PostmanRuntime/7.26.1',
  'content-length' => '',
  'content-type' => '',
)
[ info ] [ PARAM ] array (
  'code' => '123',
)
[ info ] [ SESSION ] INIT array (
  'prefix' => 'module',
  'type' => '',
  'auto_start' => true,
)
[ info ] [ RUN ] app\index\controller\Index->payinvoice[ E:\PHPserver\wwwroot\default\merchant\application\index\controller\Index.php ]
[ info ] [ LOG ] INIT File

---------------------------------------------------------------
[ 2020-07-15T11:26:27+08:00 ] 127.0.0.1 127.0.0.1 GET /index/payinvoice?code=123
[ log ] www.backendtp6.com/index/payinvoice?code=123 [运行时间：0.424220s][吞吐率：2.36req/s] [内存消耗：1,762.15kb] [文件加载：56]
[ info ] [ LANG ] E:\PHPserver\wwwroot\default\merchant\thinkphp\lang\zh-cn.php
[ info ] [ BIND ] 'index'
[ info ] [ ROUTE ] array (
  'type' => 'module',
  'module' => 
  array (
    0 => 'index',
    1 => 'index',
    2 => 'payinvoice',
  ),
)
[ info ] [ HEADER ] array (
  'cookie' => 'PHPSESSID=egj31iqh7nb7sut5p22qm4ccv4',
  'connection' => 'keep-alive',
  'accept-encoding' => 'gzip, deflate, br',
  'host' => 'www.backendtp6.com',
  'postman-token' => '07c55c11-cf4a-4652-862f-cf2d28b886bc',
  'cache-control' => 'no-cache',
  'accept' => '*/*',
  'user-agent' => 'PostmanRuntime/7.26.1',
  'content-length' => '',
  'content-type' => '',
)
[ info ] [ PARAM ] array (
  'code' => '123',
)
[ info ] [ SESSION ] INIT array (
  'prefix' => 'module',
  'type' => '',
  'auto_start' => true,
)
[ info ] [ RUN ] app\index\controller\Index->payinvoice[ E:\PHPserver\wwwroot\default\merchant\application\index\controller\Index.php ]
[ info ] [ LOG ] INIT File

---------------------------------------------------------------
[ 2020-07-15T13:43:10+08:00 ] 127.0.0.1 127.0.0.1 GET /index/payinvoiceNotify
[ log ] www.backendtp6.com/index/payinvoiceNotify [运行时间：0.176068s][吞吐率：5.68req/s] [内存消耗：1,851.88kb] [文件加载：61]
[ info ] [ LANG ] E:\PHPserver\wwwroot\default\merchant\thinkphp\lang\zh-cn.php
[ info ] [ BIND ] 'index'
[ info ] [ ROUTE ] array (
  'type' => 'module',
  'module' => 
  array (
    0 => 'index',
    1 => 'index',
    2 => 'payinvoiceNotify',
  ),
)
[ info ] [ HEADER ] array (
  'cookie' => 'PHPSESSID=pcgmqorbsuqr5r3euohjpe6piq',
  'accept-language' => 'zh-CN,zh;q=0.9',
  'accept-encoding' => 'gzip, deflate',
  'accept' => 'text/html,application/xhtml+xml,application/xml;q=0.9,image/webp,image/apng,*/*;q=0.8,application/signed-exchange;v=b3',
  'user-agent' => 'Mozilla/5.0 (Windows NT 10.0; WOW64) AppleWebKit/537.36 (KHTML, like Gecko) Chrome/78.0.3904.97 Safari/537.36',
  'upgrade-insecure-requests' => '1',
  'connection' => 'keep-alive',
  'host' => 'www.backendtp6.com',
  'content-length' => '',
  'content-type' => '',
)
[ info ] [ PARAM ] array (
)
[ info ] [ SESSION ] INIT array (
  'prefix' => 'module',
  'type' => '',
  'auto_start' => true,
)
[ info ] [ RUN ] app\index\controller\Index->payinvoiceNotify[ E:\PHPserver\wwwroot\default\merchant\application\index\controller\Index.php ]
[ info ] [ LOG ] INIT File

---------------------------------------------------------------
[ 2020-07-15T13:44:59+08:00 ] 127.0.0.1 127.0.0.1 GET /index/payinvoiceNotify
[ log ] www.backendtp6.com/index/payinvoiceNotify [运行时间：0.038296s][吞吐率：26.11req/s] [内存消耗：1,852.33kb] [文件加载：61]
[ info ] [ LANG ] E:\PHPserver\wwwroot\default\merchant\thinkphp\lang\zh-cn.php
[ info ] [ BIND ] 'index'
[ info ] [ ROUTE ] array (
  'type' => 'module',
  'module' => 
  array (
    0 => 'index',
    1 => 'index',
    2 => 'payinvoiceNotify',
  ),
)
[ info ] [ HEADER ] array (
  'cookie' => 'thinkphp_show_page_trace=0|0; PHPSESSID=pcgmqorbsuqr5r3euohjpe6piq',
  'accept-language' => 'zh-CN,zh;q=0.9',
  'accept-encoding' => 'gzip, deflate',
  'accept' => 'text/html,application/xhtml+xml,application/xml;q=0.9,image/webp,image/apng,*/*;q=0.8,application/signed-exchange;v=b3',
  'user-agent' => 'Mozilla/5.0 (Windows NT 10.0; WOW64) AppleWebKit/537.36 (KHTML, like Gecko) Chrome/78.0.3904.97 Safari/537.36',
  'upgrade-insecure-requests' => '1',
  'cache-control' => 'max-age=0',
  'connection' => 'keep-alive',
  'host' => 'www.backendtp6.com',
  'content-length' => '',
  'content-type' => '',
)
[ info ] [ PARAM ] array (
)
[ info ] [ SESSION ] INIT array (
  'prefix' => 'module',
  'type' => '',
  'auto_start' => true,
)
[ info ] [ RUN ] app\index\controller\Index->payinvoiceNotify[ E:\PHPserver\wwwroot\default\merchant\application\index\controller\Index.php ]
[ info ] [ LOG ] INIT File

---------------------------------------------------------------
[ 2020-07-15T14:16:17+08:00 ] 127.0.0.1 127.0.0.1 GET /index/payinvoice?code=123
[ log ] www.backendtp6.com/index/payinvoice?code=123 [运行时间：0.413136s][吞吐率：2.42req/s] [内存消耗：1,762.65kb] [文件加载：56]
[ info ] [ LANG ] E:\PHPserver\wwwroot\default\merchant\thinkphp\lang\zh-cn.php
[ info ] [ BIND ] 'index'
[ info ] [ ROUTE ] array (
  'type' => 'module',
  'module' => 
  array (
    0 => 'index',
    1 => 'index',
    2 => 'payinvoice',
  ),
)
[ info ] [ HEADER ] array (
  'cookie' => 'PHPSESSID=egj31iqh7nb7sut5p22qm4ccv4',
  'connection' => 'keep-alive',
  'accept-encoding' => 'gzip, deflate, br',
  'host' => 'www.backendtp6.com',
  'postman-token' => 'ef16b06a-95d9-44c7-ba0c-b418f41b1c0a',
  'cache-control' => 'no-cache',
  'accept' => '*/*',
  'user-agent' => 'PostmanRuntime/7.26.1',
  'content-length' => '',
  'content-type' => '',
)
[ info ] [ PARAM ] array (
  'code' => '123',
)
[ info ] [ SESSION ] INIT array (
  'prefix' => 'module',
  'type' => '',
  'auto_start' => true,
)
[ info ] [ RUN ] app\index\controller\Index->payinvoice[ E:\PHPserver\wwwroot\default\merchant\application\index\controller\Index.php ]
[ info ] [ LOG ] INIT File

---------------------------------------------------------------
[ 2020-07-15T14:48:21+08:00 ] 127.0.0.1 127.0.0.1 GET /index/payinvoice?code=123
[ log ] www.backendtp6.com/index/payinvoice?code=123 [运行时间：0.437528s][吞吐率：2.29req/s] [内存消耗：1,764.03kb] [文件加载：56]
[ info ] [ LANG ] E:\PHPserver\wwwroot\default\merchant\thinkphp\lang\zh-cn.php
[ info ] [ BIND ] 'index'
[ info ] [ ROUTE ] array (
  'type' => 'module',
  'module' => 
  array (
    0 => 'index',
    1 => 'index',
    2 => 'payinvoice',
  ),
)
[ info ] [ HEADER ] array (
  'cookie' => 'PHPSESSID=egj31iqh7nb7sut5p22qm4ccv4',
  'connection' => 'keep-alive',
  'accept-encoding' => 'gzip, deflate, br',
  'host' => 'www.backendtp6.com',
  'postman-token' => '104ed1a5-ad77-4302-98b1-07419b05e0bb',
  'cache-control' => 'no-cache',
  'accept' => '*/*',
  'user-agent' => 'PostmanRuntime/7.26.1',
  'content-length' => '',
  'content-type' => '',
)
[ info ] [ PARAM ] array (
  'code' => '123',
)
[ info ] [ SESSION ] INIT array (
  'prefix' => 'module',
  'type' => '',
  'auto_start' => true,
)
[ info ] [ RUN ] app\index\controller\Index->payinvoice[ E:\PHPserver\wwwroot\default\merchant\application\index\controller\Index.php ]
[ info ] [ LOG ] INIT File

---------------------------------------------------------------
