[ 2020-07-20T15:13:29+08:00 ] 127.0.0.1 127.0.0.1 GET /
[ log ] www.backendtp6.com/ [运行时间：0.373565s][吞吐率：2.68req/s] [内存消耗：2,602.91kb] [文件加载：69]
[ info ] [ LANG ] E:\PHPserver\wwwroot\default\merchant\thinkphp\lang\zh-cn.php
[ info ] [ BIND ] 'index'
[ info ] [ ROUTE ] array (
  'type' => 'module',
  'module' => 
  array (
    0 => 'index',
    1 => NULL,
    2 => NULL,
  ),
)
[ info ] [ HEADER ] array (
  'accept-language' => 'zh-CN,zh;q=0.9',
  'accept-encoding' => 'gzip, deflate',
  'accept' => 'text/html,application/xhtml+xml,application/xml;q=0.9,image/webp,image/apng,*/*;q=0.8,application/signed-exchange;v=b3',
  'user-agent' => 'Mozilla/5.0 (Windows NT 10.0; WOW64) AppleWebKit/537.36 (KHTML, like Gecko) Chrome/78.0.3904.97 Safari/537.36',
  'upgrade-insecure-requests' => '1',
  'connection' => 'keep-alive',
  'host' => 'www.backendtp6.com',
  'content-length' => '',
  'content-type' => '',
)
[ info ] [ PARAM ] array (
)
[ info ] [ SESSION ] INIT array (
  'prefix' => 'module',
  'type' => '',
  'auto_start' => true,
)
[ info ] [ RUN ] app\index\controller\Index->index[ E:\PHPserver\wwwroot\default\merchant\application\index\controller\Index.php ]
[ info ] [ DB ] INIT mysql
[ info ] [ LOG ] INIT File
[ sql ] [ DB ] CONNECT:[ UseTime:0.008827s ] mysql:dbname=property;host=127.0.0.1;port=3306;charset=utf8
[ sql ] [ SQL ] SHOW COLUMNS FROM `banner` [ RunTime:0.015005s ]
[ sql ] [ SQL ] SELECT * FROM `banner` [ RunTime:0.001348s ]
[ sql ] [ SQL ] SHOW COLUMNS FROM `brand` [ RunTime:0.002719s ]
[ sql ] [ SQL ] SELECT * FROM `brand` WHERE  `brand_show` = 1 ORDER BY `brand_id`  desc LIMIT 1 [ RunTime:0.000980s ]

---------------------------------------------------------------
[ 2020-07-20T15:14:01+08:00 ] 127.0.0.1 127.0.0.1 GET /index/payinvoice
[ log ] www.backendtp6.com/index/payinvoice [运行时间：2.351723s][吞吐率：0.43req/s] [内存消耗：1,763.98kb] [文件加载：56]
[ info ] [ LANG ] E:\PHPserver\wwwroot\default\merchant\thinkphp\lang\zh-cn.php
[ info ] [ BIND ] 'index'
[ info ] [ ROUTE ] array (
  'type' => 'module',
  'module' => 
  array (
    0 => 'index',
    1 => 'index',
    2 => 'payinvoice',
  ),
)
[ info ] [ HEADER ] array (
  'cookie' => 'PHPSESSID=dh35lq82ke9ksvumv5oi4l38d5',
  'accept-language' => 'zh-CN,zh;q=0.9',
  'accept-encoding' => 'gzip, deflate',
  'accept' => 'text/html,application/xhtml+xml,application/xml;q=0.9,image/webp,image/apng,*/*;q=0.8,application/signed-exchange;v=b3',
  'user-agent' => 'Mozilla/5.0 (Windows NT 10.0; WOW64) AppleWebKit/537.36 (KHTML, like Gecko) Chrome/78.0.3904.97 Safari/537.36',
  'upgrade-insecure-requests' => '1',
  'connection' => 'keep-alive',
  'host' => 'www.backendtp6.com',
  'content-length' => '',
  'content-type' => '',
)
[ info ] [ PARAM ] array (
)
[ info ] [ SESSION ] INIT array (
  'prefix' => 'module',
  'type' => '',
  'auto_start' => true,
)
[ info ] [ RUN ] app\index\controller\Index->payinvoice[ E:\PHPserver\wwwroot\default\merchant\application\index\controller\Index.php ]
[ info ] [ LOG ] INIT File

---------------------------------------------------------------
